[ 2019-11-05T21:24:16+08:00 ] 127.0.0.1 /Admin/Alarm/index
ERR: 模板不存在:./App/Admin/View/Alarm/index.html

[ 2019-11-05T21:24:16+08:00 ] 127.0.0.1 /Admin/Alarm/index
ERR: 模板不存在:./App/Admin/View/Alarm/index.html

[ 2019-11-05T21:24:30+08:00 ] 127.0.0.1 /Admin/Alarm/index
ERR: 模板不存在:./App/Admin/View/Alarm/index.html

[ 2019-11-05T21:24:30+08:00 ] 127.0.0.1 /Admin/Alarm/index
ERR: 模板不存在:./App/Admin/View/Alarm/index.html

[ 2019-11-05T21:24:54+08:00 ] 127.0.0.1 /Admin/Employee/getUploadedFiles
INFO: [ app_begin ] --START--
INFO: Run Behavior\ReadHtmlCacheBehavior [ RunTime:0.001000s ]
INFO: [ app_begin ] --END-- [ RunTime:0.001000s ]
SQL: SHOW COLUMNS FROM `ems_admin_user` [ RunTime:0.0020s ]
SQL: SELECT * FROM `ems_admin_user` WHERE ( id=1 ) LIMIT 1   [ RunTime:0.0020s ]

[ 2019-11-05T21:30:32+08:00 ] 127.0.0.1 /iplookup/iplookup.php?format=js
ERR: 无法加载控制器:Iplookup

[ 2019-11-05T21:50:58+08:00 ] 127.0.0.1 /iplookup/iplookup.php?format=js
ERR: 无法加载控制器:Iplookup

[ 2019-11-05T21:51:06+08:00 ] 127.0.0.1 /iplookup/iplookup.php?format=js
ERR: 无法加载控制器:Iplookup

[ 2019-11-05T21:52:53+08:00 ] 127.0.0.1 /Admin/Employee/getUploadedFiles
INFO: [ app_begin ] --START--
INFO: Run Behavior\ReadHtmlCacheBehavior [ RunTime:0.000000s ]
INFO: [ app_begin ] --END-- [ RunTime:0.000000s ]
SQL: SHOW COLUMNS FROM `ems_admin_user` [ RunTime:0.0020s ]
SQL: SELECT * FROM `ems_admin_user` WHERE ( id=1 ) LIMIT 1   [ RunTime:0.0020s ]

[ 2019-11-05T21:55:03+08:00 ] 127.0.0.1 /Admin/Employee/getUploadedFiles
INFO: [ app_begin ] --START--
INFO: Run Behavior\ReadHtmlCacheBehavior [ RunTime:0.001000s ]
INFO: [ app_begin ] --END-- [ RunTime:0.001000s ]
SQL: SHOW COLUMNS FROM `ems_admin_user` [ RunTime:0.0020s ]
SQL: SELECT * FROM `ems_admin_user` WHERE ( id=1 ) LIMIT 1   [ RunTime:0.0020s ]

[ 2019-11-05T21:55:56+08:00 ] 127.0.0.1 /Admin/Employee/getUploadedFiles
INFO: [ app_begin ] --START--
INFO: Run Behavior\ReadHtmlCacheBehavior [ RunTime:0.001000s ]
INFO: [ app_begin ] --END-- [ RunTime:0.001000s ]
SQL: SHOW COLUMNS FROM `ems_admin_user` [ RunTime:0.0020s ]
SQL: SELECT * FROM `ems_admin_user` WHERE ( id=1 ) LIMIT 1   [ RunTime:0.0020s ]

[ 2019-11-05T21:57:32+08:00 ] 127.0.0.1 /Admin/Employee/getUploadedFiles
INFO: [ app_begin ] --START--
INFO: Run Behavior\ReadHtmlCacheBehavior [ RunTime:0.000000s ]
INFO: [ app_begin ] --END-- [ RunTime:0.000000s ]
SQL: SHOW COLUMNS FROM `ems_admin_user` [ RunTime:0.0010s ]
SQL: SELECT * FROM `ems_admin_user` WHERE ( id=1 ) LIMIT 1   [ RunTime:0.0020s ]

[ 2019-11-05T21:58:35+08:00 ] 127.0.0.1 /Admin/Employee/getUploadedFiles
INFO: [ app_begin ] --START--
INFO: Run Behavior\ReadHtmlCacheBehavior [ RunTime:0.001000s ]
INFO: [ app_begin ] --END-- [ RunTime:0.001000s ]
SQL: SHOW COLUMNS FROM `ems_admin_user` [ RunTime:0.0020s ]
SQL: SELECT * FROM `ems_admin_user` WHERE ( id=1 ) LIMIT 1   [ RunTime:0.0000s ]

[ 2019-11-05T21:58:48+08:00 ] 127.0.0.1 /Admin/Employee/getUploadedFiles
INFO: [ app_begin ] --START--
INFO: Run Behavior\ReadHtmlCacheBehavior [ RunTime:0.000000s ]
INFO: [ app_begin ] --END-- [ RunTime:0.000000s ]
SQL: SHOW COLUMNS FROM `ems_admin_user` [ RunTime:0.0010s ]
SQL: SELECT * FROM `ems_admin_user` WHERE ( id=1 ) LIMIT 1   [ RunTime:0.0000s ]

[ 2019-11-05T22:01:09+08:00 ] 127.0.0.1 /Admin/Employee/getUploadedFiles
INFO: [ app_begin ] --START--
INFO: Run Behavior\ReadHtmlCacheBehavior [ RunTime:0.000000s ]
INFO: [ app_begin ] --END-- [ RunTime:0.000000s ]
SQL: SHOW COLUMNS FROM `ems_admin_user` [ RunTime:0.0010s ]
SQL: SELECT * FROM `ems_admin_user` WHERE ( id=1 ) LIMIT 1   [ RunTime:0.0000s ]

[ 2019-11-05T22:01:25+08:00 ] 127.0.0.1 /Admin/Employee/getUploadedFiles
INFO: [ app_begin ] --START--
INFO: Run Behavior\ReadHtmlCacheBehavior [ RunTime:0.000000s ]
INFO: [ app_begin ] --END-- [ RunTime:0.000000s ]
SQL: SHOW COLUMNS FROM `ems_admin_user` [ RunTime:0.0010s ]
SQL: SELECT * FROM `ems_admin_user` WHERE ( id=1 ) LIMIT 1   [ RunTime:0.0010s ]

[ 2019-11-05T22:10:34+08:00 ] 127.0.0.1 /Admin/User/getUser
INFO: [ app_begin ] --START--
INFO: Run Behavior\ReadHtmlCacheBehavior [ RunTime:0.000000s ]
INFO: [ app_begin ] --END-- [ RunTime:0.000000s ]
SQL: SHOW COLUMNS FROM `ems_admin_user` [ RunTime:0.0010s ]
SQL: SELECT * FROM `ems_admin_user` WHERE ( id=1 ) LIMIT 1   [ RunTime:0.0000s ]
SQL: SELECT COUNT(*) AS tp_count FROM `ems_admin_user` LIMIT 1   [ RunTime:0.0010s ]
SQL: SELECT `id`,`name`,`userpic`,`loginallowed`,`registertime`,`lastip`,`lasttime` FROM `ems_admin_user` ORDER BY id desc LIMIT 0,20   [ RunTime:0.0000s ]

[ 2019-11-05T22:10:35+08:00 ] 127.0.0.1 /Admin/User/getForm?id=1
INFO: [ app_begin ] --START--
INFO: Run Behavior\ReadHtmlCacheBehavior [ RunTime:0.000000s ]
INFO: [ app_begin ] --END-- [ RunTime:0.000000s ]
SQL: SHOW COLUMNS FROM `ems_admin_user` [ RunTime:0.0020s ]
SQL: SELECT * FROM `ems_admin_user` WHERE ( id=1 ) LIMIT 1   [ RunTime:0.0000s ]
SQL: SELECT * FROM `ems_admin_user` LEFT JOIN ems_auth_group_access ON ems_admin_user.id = ems_auth_group_access.uid  WHERE ( id=1 ) LIMIT 1   [ RunTime:0.0050s ]
INFO: [ view_parse ] --START--
INFO: [ template_filter ] --START--
INFO: Run Behavior\ContentReplaceBehavior [ RunTime:0.000000s ]
INFO: [ template_filter ] --END-- [ RunTime:0.000000s ]
INFO: Run Behavior\ParseTemplateBehavior [ RunTime:0.023001s ]
INFO: [ view_parse ] --END-- [ RunTime:0.023001s ]
INFO: [ view_filter ] --START--
INFO: Run Behavior\WriteHtmlCacheBehavior [ RunTime:0.000000s ]
INFO: [ view_filter ] --END-- [ RunTime:0.000000s ]
INFO: [ app_end ] --START--
INFO: Run Behavior\ShowPageTraceBehavior [ RunTime:0.001000s ]
INFO: [ app_end ] --END-- [ RunTime:0.001000s ]

[ 2019-11-05T22:10:36+08:00 ] 127.0.0.1 /Admin/Role/getRole
INFO: [ app_begin ] --START--
INFO: Run Behavior\ReadHtmlCacheBehavior [ RunTime:0.001000s ]
INFO: [ app_begin ] --END-- [ RunTime:0.001000s ]
SQL: SHOW COLUMNS FROM `ems_admin_user` [ RunTime:0.0010s ]
SQL: SELECT * FROM `ems_admin_user` WHERE ( id=1 ) LIMIT 1   [ RunTime:0.0000s ]
SQL: SHOW COLUMNS FROM `ems_auth_group` [ RunTime:0.0130s ]
SQL: SELECT * FROM `ems_auth_group`  [ RunTime:0.0040s ]

[ 2019-11-05T22:10:40+08:00 ] 127.0.0.1 /Admin/Role/getRole
INFO: [ app_begin ] --START--
INFO: Run Behavior\ReadHtmlCacheBehavior [ RunTime:0.001000s ]
INFO: [ app_begin ] --END-- [ RunTime:0.001000s ]
SQL: SHOW COLUMNS FROM `ems_admin_user` [ RunTime:0.0010s ]
SQL: SELECT * FROM `ems_admin_user` WHERE ( id=1 ) LIMIT 1   [ RunTime:0.0000s ]
SQL: SHOW COLUMNS FROM `ems_auth_group` [ RunTime:0.0010s ]
SQL: SELECT * FROM `ems_auth_group`  [ RunTime:0.0010s ]

[ 2019-11-05T22:10:42+08:00 ] 127.0.0.1 /Admin/Role/getForm?id=1
INFO: [ app_begin ] --START--
INFO: Run Behavior\ReadHtmlCacheBehavior [ RunTime:0.001000s ]
INFO: [ app_begin ] --END-- [ RunTime:0.001000s ]
SQL: SHOW COLUMNS FROM `ems_admin_user` [ RunTime:0.0020s ]
SQL: SELECT * FROM `ems_admin_user` WHERE ( id=1 ) LIMIT 1   [ RunTime:0.0000s ]
SQL: SHOW COLUMNS FROM `ems_auth_group` [ RunTime:0.0010s ]
SQL: SELECT * FROM `ems_auth_group` WHERE ( id=1 ) LIMIT 1   [ RunTime:0.0020s ]
INFO: [ view_parse ] --START--
INFO: [ template_filter ] --START--
INFO: Run Behavior\ContentReplaceBehavior [ RunTime:0.000000s ]
INFO: [ template_filter ] --END-- [ RunTime:0.000000s ]
INFO: Run Behavior\ParseTemplateBehavior [ RunTime:0.009001s ]
INFO: [ view_parse ] --END-- [ RunTime:0.009001s ]
INFO: [ view_filter ] --START--
INFO: Run Behavior\WriteHtmlCacheBehavior [ RunTime:0.000000s ]
INFO: [ view_filter ] --END-- [ RunTime:0.000000s ]
INFO: [ app_end ] --START--
INFO: Run Behavior\ShowPageTraceBehavior [ RunTime:0.001000s ]
INFO: [ app_end ] --END-- [ RunTime:0.001000s ]

[ 2019-11-05T22:10:42+08:00 ] 127.0.0.1 /Admin/Rule/getRuleTree
INFO: [ app_begin ] --START--
INFO: Run Behavior\ReadHtmlCacheBehavior [ RunTime:0.001000s ]
INFO: [ app_begin ] --END-- [ RunTime:0.001000s ]
SQL: SHOW COLUMNS FROM `ems_admin_user` [ RunTime:0.0010s ]
SQL: SELECT * FROM `ems_admin_user` WHERE ( id=1 ) LIMIT 1   [ RunTime:0.0000s ]
SQL: SHOW COLUMNS FROM `ems_auth_rule` [ RunTime:0.0020s ]
SQL: SELECT `id`,`pid`,title as text FROM `ems_auth_rule`  [ RunTime:0.0040s ]
NOTIC: [8] Undefined index: icon D:\phpstudy_pro\WWW\App\Common\Common\function.php 第 53 行.
NOTIC: [8] Undefined index: icon D:\phpstudy_pro\WWW\App\Common\Common\function.php 第 53 行.
NOTIC: [8] Undefined index: icon D:\phpstudy_pro\WWW\App\Common\Common\function.php 第 53 行.
NOTIC: [8] Undefined index: icon D:\phpstudy_pro\WWW\App\Common\Common\function.php 第 53 行.
NOTIC: [8] Undefined index: icon D:\phpstudy_pro\WWW\App\Common\Common\function.php 第 53 行.
NOTIC: [8] Undefined index: icon D:\phpstudy_pro\WWW\App\Common\Common\function.php 第 53 行.
NOTIC: [8] Undefined index: icon D:\phpstudy_pro\WWW\App\Common\Common\function.php 第 53 行.
NOTIC: [8] Undefined index: icon D:\phpstudy_pro\WWW\App\Common\Common\function.php 第 53 行.
NOTIC: [8] Undefined index: icon D:\phpstudy_pro\WWW\App\Common\Common\function.php 第 53 行.
NOTIC: [8] Undefined index: icon D:\phpstudy_pro\WWW\App\Common\Common\function.php 第 53 行.
NOTIC: [8] Undefined index: icon D:\phpstudy_pro\WWW\App\Common\Common\function.php 第 53 行.
NOTIC: [8] Undefined index: icon D:\phpstudy_pro\WWW\App\Common\Common\function.php 第 53 行.
NOTIC: [8] Undefined index: icon D:\phpstudy_pro\WWW\App\Common\Common\function.php 第 53 行.
NOTIC: [8] Undefined index: icon D:\phpstudy_pro\WWW\App\Common\Common\function.php 第 53 行.
NOTIC: [8] Undefined index: icon D:\phpstudy_pro\WWW\App\Common\Common\function.php 第 53 行.
NOTIC: [8] Undefined index: icon D:\phpstudy_pro\WWW\App\Common\Common\function.php 第 53 行.
NOTIC: [8] Undefined index: icon D:\phpstudy_pro\WWW\App\Common\Common\function.php 第 53 行.
NOTIC: [8] Undefined index: icon D:\phpstudy_pro\WWW\App\Common\Common\function.php 第 53 行.
NOTIC: [8] Undefined index: icon D:\phpstudy_pro\WWW\App\Common\Common\function.php 第 53 行.
NOTIC: [8] Undefined index: icon D:\phpstudy_pro\WWW\App\Common\Common\function.php 第 53 行.
NOTIC: [8] Undefined index: icon D:\phpstudy_pro\WWW\App\Common\Common\function.php 第 53 行.
NOTIC: [8] Undefined index: icon D:\phpstudy_pro\WWW\App\Common\Common\function.php 第 53 行.
NOTIC: [8] Undefined index: icon D:\phpstudy_pro\WWW\App\Common\Common\function.php 第 53 行.
NOTIC: [8] Undefined index: icon D:\phpstudy_pro\WWW\App\Common\Common\function.php 第 53 行.
NOTIC: [8] Undefined index: icon D:\phpstudy_pro\WWW\App\Common\Common\function.php 第 53 行.
NOTIC: [8] Undefined index: icon D:\phpstudy_pro\WWW\App\Common\Common\function.php 第 53 行.
NOTIC: [8] Undefined index: icon D:\phpstudy_pro\WWW\App\Common\Common\function.php 第 53 行.
NOTIC: [8] Undefined index: icon D:\phpstudy_pro\WWW\App\Common\Common\function.php 第 53 行.
NOTIC: [8] Undefined index: icon D:\phpstudy_pro\WWW\App\Common\Common\function.php 第 53 行.
NOTIC: [8] Undefined index: icon D:\phpstudy_pro\WWW\App\Common\Common\function.php 第 53 行.
NOTIC: [8] Undefined index: icon D:\phpstudy_pro\WWW\App\Common\Common\function.php 第 53 行.
NOTIC: [8] Undefined index: icon D:\phpstudy_pro\WWW\App\Common\Common\function.php 第 53 行.
NOTIC: [8] Undefined index: icon D:\phpstudy_pro\WWW\App\Common\Common\function.php 第 53 行.
NOTIC: [8] Undefined index: icon D:\phpstudy_pro\WWW\App\Common\Common\function.php 第 53 行.
NOTIC: [8] Undefined index: icon D:\phpstudy_pro\WWW\App\Common\Common\function.php 第 53 行.
NOTIC: [8] Undefined index: icon D:\phpstudy_pro\WWW\App\Common\Common\function.php 第 53 行.
NOTIC: [8] Undefined index: icon D:\phpstudy_pro\WWW\App\Common\Common\function.php 第 53 行.
NOTIC: [8] Undefined index: icon D:\phpstudy_pro\WWW\App\Common\Common\function.php 第 53 行.
NOTIC: [8] Undefined index: icon D:\phpstudy_pro\WWW\App\Common\Common\function.php 第 53 行.
NOTIC: [8] Undefined index: icon D:\phpstudy_pro\WWW\App\Common\Common\function.php 第 53 行.
NOTIC: [8] Undefined index: icon D:\phpstudy_pro\WWW\App\Common\Common\function.php 第 53 行.
NOTIC: [8] Undefined index: icon D:\phpstudy_pro\WWW\App\Common\Common\function.php 第 53 行.
NOTIC: [8] Undefined index: icon D:\phpstudy_pro\WWW\App\Common\Common\function.php 第 53 行.
NOTIC: [8] Undefined index: icon D:\phpstudy_pro\WWW\App\Common\Common\function.php 第 53 行.
NOTIC: [8] Undefined index: icon D:\phpstudy_pro\WWW\App\Common\Common\function.php 第 53 行.
NOTIC: [8] Undefined index: icon D:\phpstudy_pro\WWW\App\Common\Common\function.php 第 53 行.
NOTIC: [8] Undefined index: icon D:\phpstudy_pro\WWW\App\Common\Common\function.php 第 53 行.
NOTIC: [8] Undefined index: icon D:\phpstudy_pro\WWW\App\Common\Common\function.php 第 53 行.
NOTIC: [8] Undefined index: icon D:\phpstudy_pro\WWW\App\Common\Common\function.php 第 53 行.
NOTIC: [8] Undefined index: icon D:\phpstudy_pro\WWW\App\Common\Common\function.php 第 53 行.
NOTIC: [8] Undefined index: icon D:\phpstudy_pro\WWW\App\Common\Common\function.php 第 53 行.
NOTIC: [8] Undefined index: icon D:\phpstudy_pro\WWW\App\Common\Common\function.php 第 53 行.
NOTIC: [8] Undefined index: icon D:\phpstudy_pro\WWW\App\Common\Common\function.php 第 53 行.
NOTIC: [8] Undefined index: icon D:\phpstudy_pro\WWW\App\Common\Common\function.php 第 53 行.
NOTIC: [8] Undefined index: icon D:\phpstudy_pro\WWW\App\Common\Common\function.php 第 53 行.
NOTIC: [8] Undefined index: icon D:\phpstudy_pro\WWW\App\Common\Common\function.php 第 53 行.
NOTIC: [8] Undefined index: icon D:\phpstudy_pro\WWW\App\Common\Common\function.php 第 53 行.
NOTIC: [8] Undefined index: icon D:\phpstudy_pro\WWW\App\Common\Common\function.php 第 53 行.
NOTIC: [8] Undefined index: icon D:\phpstudy_pro\WWW\App\Common\Common\function.php 第 53 行.
NOTIC: [8] Undefined index: icon D:\phpstudy_pro\WWW\App\Common\Common\function.php 第 53 行.
NOTIC: [8] Undefined index: icon D:\phpstudy_pro\WWW\App\Common\Common\function.php 第 53 行.
NOTIC: [8] Undefined index: icon D:\phpstudy_pro\WWW\App\Common\Common\function.php 第 53 行.
NOTIC: [8] Undefined index: icon D:\phpstudy_pro\WWW\App\Common\Common\function.php 第 53 行.
NOTIC: [8] Undefined index: icon D:\phpstudy_pro\WWW\App\Common\Common\function.php 第 53 行.
NOTIC: [8] Undefined index: icon D:\phpstudy_pro\WWW\App\Common\Common\function.php 第 53 行.
NOTIC: [8] Undefined index: icon D:\phpstudy_pro\WWW\App\Common\Common\function.php 第 53 行.
NOTIC: [8] Undefined index: icon D:\phpstudy_pro\WWW\App\Common\Common\function.php 第 53 行.
NOTIC: [8] Undefined index: icon D:\phpstudy_pro\WWW\App\Common\Common\function.php 第 53 行.
NOTIC: [8] Undefined index: icon D:\phpstudy_pro\WWW\App\Common\Common\function.php 第 53 行.
NOTIC: [8] Undefined index: icon D:\phpstudy_pro\WWW\App\Common\Common\function.php 第 53 行.
NOTIC: [8] Undefined index: icon D:\phpstudy_pro\WWW\App\Common\Common\function.php 第 53 行.
NOTIC: [8] Undefined index: icon D:\phpstudy_pro\WWW\App\Common\Common\function.php 第 53 行.
NOTIC: [8] Undefined index: icon D:\phpstudy_pro\WWW\App\Common\Common\function.php 第 53 行.
NOTIC: [8] Undefined index: icon D:\phpstudy_pro\WWW\App\Common\Common\function.php 第 53 行.
NOTIC: [8] Undefined index: icon D:\phpstudy_pro\WWW\App\Common\Common\function.php 第 53 行.
NOTIC: [8] Undefined index: icon D:\phpstudy_pro\WWW\App\Common\Common\function.php 第 53 行.
NOTIC: [8] Undefined index: icon D:\phpstudy_pro\WWW\App\Common\Common\function.php 第 53 行.
NOTIC: [8] Undefined index: icon D:\phpstudy_pro\WWW\App\Common\Common\function.php 第 53 行.
NOTIC: [8] Undefined index: icon D:\phpstudy_pro\WWW\App\Common\Common\function.php 第 53 行.

[ 2019-11-05T22:18:16+08:00 ] 127.0.0.1 /Admin/Employee/getUploadedFiles
INFO: [ app_begin ] --START--
INFO: Run Behavior\ReadHtmlCacheBehavior [ RunTime:0.000000s ]
INFO: [ app_begin ] --END-- [ RunTime:0.000000s ]
SQL: SHOW COLUMNS FROM `ems_admin_user` [ RunTime:0.0010s ]
SQL: SELECT * FROM `ems_admin_user` WHERE ( id=1 ) LIMIT 1   [ RunTime:0.0010s ]

[ 2019-11-05T22:22:03+08:00 ] 127.0.0.1 /Admin/Employee/getUploadedFiles
INFO: [ app_begin ] --START--
INFO: Run Behavior\ReadHtmlCacheBehavior [ RunTime:0.000000s ]
INFO: [ app_begin ] --END-- [ RunTime:0.000000s ]
SQL: SHOW COLUMNS FROM `ems_admin_user` [ RunTime:0.0020s ]
SQL: SELECT * FROM `ems_admin_user` WHERE ( id=1 ) LIMIT 1   [ RunTime:0.0020s ]

[ 2019-11-05T22:22:50+08:00 ] 127.0.0.1 /Admin/Employee/getUploadedFiles
INFO: [ app_begin ] --START--
INFO: Run Behavior\ReadHtmlCacheBehavior [ RunTime:0.000000s ]
INFO: [ app_begin ] --END-- [ RunTime:0.000000s ]
SQL: SHOW COLUMNS FROM `ems_admin_user` [ RunTime:0.0020s ]
SQL: SELECT * FROM `ems_admin_user` WHERE ( id=1 ) LIMIT 1   [ RunTime:0.0020s ]

[ 2019-11-05T22:22:53+08:00 ] 127.0.0.1 /Admin/Employee/getUploadedFiles
INFO: [ app_begin ] --START--
INFO: Run Behavior\ReadHtmlCacheBehavior [ RunTime:0.001000s ]
INFO: [ app_begin ] --END-- [ RunTime:0.001000s ]
SQL: SHOW COLUMNS FROM `ems_admin_user` [ RunTime:0.0020s ]
SQL: SELECT * FROM `ems_admin_user` WHERE ( id=1 ) LIMIT 1   [ RunTime:0.0020s ]

[ 2019-11-05T22:22:53+08:00 ] 127.0.0.1 /Admin/Employee/getUploadedFiles
INFO: [ app_begin ] --START--
INFO: Run Behavior\ReadHtmlCacheBehavior [ RunTime:0.001000s ]
INFO: [ app_begin ] --END-- [ RunTime:0.001000s ]
SQL: SHOW COLUMNS FROM `ems_admin_user` [ RunTime:0.0020s ]
SQL: SELECT * FROM `ems_admin_user` WHERE ( id=1 ) LIMIT 1   [ RunTime:0.0020s ]

[ 2019-11-05T22:22:54+08:00 ] 127.0.0.1 /Admin/Employee/getUploadedFiles
INFO: [ app_begin ] --START--
INFO: Run Behavior\ReadHtmlCacheBehavior [ RunTime:0.000000s ]
INFO: [ app_begin ] --END-- [ RunTime:0.000000s ]
SQL: SHOW COLUMNS FROM `ems_admin_user` [ RunTime:0.0020s ]
SQL: SELECT * FROM `ems_admin_user` WHERE ( id=1 ) LIMIT 1   [ RunTime:0.0020s ]

[ 2019-11-05T22:22:54+08:00 ] 127.0.0.1 /Admin/Employee/getUploadedFiles
INFO: [ app_begin ] --START--
INFO: Run Behavior\ReadHtmlCacheBehavior [ RunTime:0.000000s ]
INFO: [ app_begin ] --END-- [ RunTime:0.000000s ]
SQL: SHOW COLUMNS FROM `ems_admin_user` [ RunTime:0.0020s ]
SQL: SELECT * FROM `ems_admin_user` WHERE ( id=1 ) LIMIT 1   [ RunTime:0.0020s ]

[ 2019-11-05T22:22:54+08:00 ] 127.0.0.1 /Admin/Employee/getUploadedFiles
INFO: [ app_begin ] --START--
INFO: Run Behavior\ReadHtmlCacheBehavior [ RunTime:0.000000s ]
INFO: [ app_begin ] --END-- [ RunTime:0.000000s ]
SQL: SHOW COLUMNS FROM `ems_admin_user` [ RunTime:0.0020s ]
SQL: SELECT * FROM `ems_admin_user` WHERE ( id=1 ) LIMIT 1   [ RunTime:0.0020s ]

[ 2019-11-05T22:23:23+08:00 ] 127.0.0.1 /Admin/Employee/getUploadedFiles
INFO: [ app_begin ] --START--
INFO: Run Behavior\ReadHtmlCacheBehavior [ RunTime:0.001000s ]
INFO: [ app_begin ] --END-- [ RunTime:0.001000s ]
SQL: SHOW COLUMNS FROM `ems_admin_user` [ RunTime:0.0020s ]
SQL: SELECT * FROM `ems_admin_user` WHERE ( id=1 ) LIMIT 1   [ RunTime:0.0020s ]

[ 2019-11-05T22:23:28+08:00 ] 127.0.0.1 /Admin/Employee/getUploadedFiles
INFO: [ app_begin ] --START--
INFO: Run Behavior\ReadHtmlCacheBehavior [ RunTime:0.001000s ]
INFO: [ app_begin ] --END-- [ RunTime:0.001000s ]
SQL: SHOW COLUMNS FROM `ems_admin_user` [ RunTime:0.0030s ]
SQL: SELECT * FROM `ems_admin_user` WHERE ( id=1 ) LIMIT 1   [ RunTime:0.0020s ]

[ 2019-11-05T22:23:29+08:00 ] 127.0.0.1 /Admin/Employee/getUploadedFiles
INFO: [ app_begin ] --START--
INFO: Run Behavior\ReadHtmlCacheBehavior [ RunTime:0.000000s ]
INFO: [ app_begin ] --END-- [ RunTime:0.000000s ]
SQL: SHOW COLUMNS FROM `ems_admin_user` [ RunTime:0.0030s ]
SQL: SELECT * FROM `ems_admin_user` WHERE ( id=1 ) LIMIT 1   [ RunTime:0.0030s ]

[ 2019-11-05T22:23:29+08:00 ] 127.0.0.1 /Admin/Employee/getUploadedFiles
INFO: [ app_begin ] --START--
INFO: Run Behavior\ReadHtmlCacheBehavior [ RunTime:0.000000s ]
INFO: [ app_begin ] --END-- [ RunTime:0.000000s ]
SQL: SHOW COLUMNS FROM `ems_admin_user` [ RunTime:0.0020s ]
SQL: SELECT * FROM `ems_admin_user` WHERE ( id=1 ) LIMIT 1   [ RunTime:0.0000s ]

[ 2019-11-05T22:23:29+08:00 ] 127.0.0.1 /Admin/Employee/getUploadedFiles
INFO: [ app_begin ] --START--
INFO: Run Behavior\ReadHtmlCacheBehavior [ RunTime:0.000000s ]
INFO: [ app_begin ] --END-- [ RunTime:0.000000s ]
SQL: SHOW COLUMNS FROM `ems_admin_user` [ RunTime:0.0020s ]
SQL: SELECT * FROM `ems_admin_user` WHERE ( id=1 ) LIMIT 1   [ RunTime:0.0000s ]

[ 2019-11-05T22:23:30+08:00 ] 127.0.0.1 /Admin/Employee/getUploadedFiles
INFO: [ app_begin ] --START--
INFO: Run Behavior\ReadHtmlCacheBehavior [ RunTime:0.001000s ]
INFO: [ app_begin ] --END-- [ RunTime:0.001000s ]
SQL: SHOW COLUMNS FROM `ems_admin_user` [ RunTime:0.0020s ]
SQL: SELECT * FROM `ems_admin_user` WHERE ( id=1 ) LIMIT 1   [ RunTime:0.0000s ]

[ 2019-11-05T22:23:30+08:00 ] 127.0.0.1 /Admin/Employee/getUploadedFiles
INFO: [ app_begin ] --START--
INFO: Run Behavior\ReadHtmlCacheBehavior [ RunTime:0.000000s ]
INFO: [ app_begin ] --END-- [ RunTime:0.000000s ]
SQL: SHOW COLUMNS FROM `ems_admin_user` [ RunTime:0.0020s ]
SQL: SELECT * FROM `ems_admin_user` WHERE ( id=1 ) LIMIT 1   [ RunTime:0.0000s ]

[ 2019-11-05T22:23:30+08:00 ] 127.0.0.1 /Admin/Employee/getUploadedFiles
INFO: [ app_begin ] --START--
INFO: Run Behavior\ReadHtmlCacheBehavior [ RunTime:0.001000s ]
INFO: [ app_begin ] --END-- [ RunTime:0.001000s ]
SQL: SHOW COLUMNS FROM `ems_admin_user` [ RunTime:0.0020s ]
SQL: SELECT * FROM `ems_admin_user` WHERE ( id=1 ) LIMIT 1   [ RunTime:0.0000s ]

[ 2019-11-05T22:23:30+08:00 ] 127.0.0.1 /Admin/Employee/getUploadedFiles
INFO: [ app_begin ] --START--
INFO: Run Behavior\ReadHtmlCacheBehavior [ RunTime:0.000000s ]
INFO: [ app_begin ] --END-- [ RunTime:0.000000s ]
SQL: SHOW COLUMNS FROM `ems_admin_user` [ RunTime:0.0010s ]
SQL: SELECT * FROM `ems_admin_user` WHERE ( id=1 ) LIMIT 1   [ RunTime:0.0000s ]

[ 2019-11-05T22:24:05+08:00 ] 127.0.0.1 /Admin/User/getUser
INFO: [ app_begin ] --START--
INFO: Run Behavior\ReadHtmlCacheBehavior [ RunTime:0.001000s ]
INFO: [ app_begin ] --END-- [ RunTime:0.001000s ]
SQL: SHOW COLUMNS FROM `ems_admin_user` [ RunTime:0.0020s ]
SQL: SELECT * FROM `ems_admin_user` WHERE ( id=1 ) LIMIT 1   [ RunTime:0.0000s ]
SQL: SELECT COUNT(*) AS tp_count FROM `ems_admin_user` LIMIT 1   [ RunTime:0.0000s ]
SQL: SELECT `id`,`name`,`userpic`,`loginallowed`,`registertime`,`lastip`,`lasttime` FROM `ems_admin_user` ORDER BY id desc LIMIT 0,20   [ RunTime:0.0000s ]

[ 2019-11-05T22:25:30+08:00 ] 127.0.0.1 /Admin/User/getUser
INFO: [ app_begin ] --START--
INFO: Run Behavior\ReadHtmlCacheBehavior [ RunTime:0.000000s ]
INFO: [ app_begin ] --END-- [ RunTime:0.000000s ]
SQL: SHOW COLUMNS FROM `ems_admin_user` [ RunTime:0.0010s ]
SQL: SELECT * FROM `ems_admin_user` WHERE ( id=1 ) LIMIT 1   [ RunTime:0.0000s ]
SQL: SELECT COUNT(*) AS tp_count FROM `ems_admin_user` LIMIT 1   [ RunTime:0.0000s ]
SQL: SELECT `id`,`name`,`userpic`,`loginallowed`,`registertime`,`lastip`,`lasttime` FROM `ems_admin_user` ORDER BY id desc LIMIT 0,20   [ RunTime:0.0000s ]

[ 2019-11-05T22:25:33+08:00 ] 127.0.0.1 /Admin/Employee/getUploadedFiles
INFO: [ app_begin ] --START--
INFO: Run Behavior\ReadHtmlCacheBehavior [ RunTime:0.000000s ]
INFO: [ app_begin ] --END-- [ RunTime:0.000000s ]
SQL: SHOW COLUMNS FROM `ems_admin_user` [ RunTime:0.0020s ]
SQL: SELECT * FROM `ems_admin_user` WHERE ( id=1 ) LIMIT 1   [ RunTime:0.0010s ]

[ 2019-11-05T22:25:57+08:00 ] 127.0.0.1 /Admin/Employee/getWorkerTree
INFO: [ app_begin ] --START--
INFO: Run Behavior\ReadHtmlCacheBehavior [ RunTime:0.001000s ]
INFO: [ app_begin ] --END-- [ RunTime:0.001000s ]
SQL: SHOW COLUMNS FROM `ems_admin_user` [ RunTime:0.0020s ]
SQL: SELECT * FROM `ems_admin_user` WHERE ( id=1 ) LIMIT 1   [ RunTime:0.0000s ]
SQL: SHOW COLUMNS FROM `ems_employee_worker` [ RunTime:0.0020s ]
SQL: SELECT `id`,`name`,`originid`,`categoryid` FROM `ems_employee_worker`  [ RunTime:0.0050s ]

[ 2019-11-05T22:25:57+08:00 ] 127.0.0.1 /Admin/Employee/getWorker?cate=2
INFO: [ app_begin ] --START--
INFO: Run Behavior\ReadHtmlCacheBehavior [ RunTime:0.000000s ]
INFO: [ app_begin ] --END-- [ RunTime:0.000000s ]
SQL: SHOW COLUMNS FROM `ems_admin_user` [ RunTime:0.0010s ]
SQL: SELECT * FROM `ems_admin_user` WHERE ( id=1 ) LIMIT 1   [ RunTime:0.0000s ]
NOTIC: [8] Undefined index: isinservice D:\phpstudy_pro\WWW\App\Admin\Controller\EmployeeController.class.php 第 41 行.
SQL: SHOW COLUMNS FROM `ems_employee_worker` [ RunTime:0.0020s ]
SQL: SELECT COUNT(*) AS tp_count FROM `ems_employee_worker` WHERE `categoryid` = 2 LIMIT 1   [ RunTime:0.0010s ]
SQL: SELECT EmployeeWorker.id AS id,EmployeeWorker.name AS name,EmployeeWorker.idcard AS idcard,EmployeeWorker.phone AS phone,EmployeeWorker.factory AS factory,EmployeeWorker.categoryid AS categoryid,EmployeeWorker.deliverydate AS deliverydate,EmployeeWorker.terminationdate AS terminationdate,EmployeeWorker.undercontractwage AS undercontractwage,EmployeeWorker.fullagreementwage AS fullagreementwage,EmployeeWorker.commission AS commission,EmployeeWorker.originid AS originid,EmployeeWorker.isinservice AS isinservice,EmployeeWorker.addedinfo AS addedinfo,EmployeeWorker2.id AS lid,EmployeeWorker2.name AS originname FROM ems_employee_worker EmployeeWorker LEFT JOIN ems_employee_worker EmployeeWorker2 ON EmployeeWorker.originid=EmployeeWorker2.id WHERE EmployeeWorker.categoryid = 2 ORDER BY `id` desc LIMIT 0,20   [ RunTime:0.0010s ]

[ 2019-11-05T22:26:00+08:00 ] 127.0.0.1 /Admin/Employee/getWorktime
INFO: [ app_begin ] --START--
INFO: Run Behavior\ReadHtmlCacheBehavior [ RunTime:0.000000s ]
INFO: [ app_begin ] --END-- [ RunTime:0.000000s ]
SQL: SHOW COLUMNS FROM `ems_admin_user` [ RunTime:0.0020s ]
SQL: SELECT * FROM `ems_admin_user` WHERE ( id=1 ) LIMIT 1   [ RunTime:0.0000s ]
SQL: SHOW COLUMNS FROM `ems_employee_worktime` [ RunTime:0.0030s ]
SQL: SHOW COLUMNS FROM `ems_employee_worker` [ RunTime:0.0010s ]
SQL: SELECT COUNT(*) AS tp_count FROM ems_employee_worktime EmployeeWorktime LEFT JOIN ems_employee_worker EmployeeWorker ON EmployeeWorktime.workerid=EmployeeWorker.id LIMIT 1   [ RunTime:0.0540s ]
SQL: SELECT EmployeeWorktime.id AS id,EmployeeWorktime.time AS time,EmployeeWorktime.workerid AS workerid,EmployeeWorktime.checkindate AS checkindate,EmployeeWorktime.leavedate AS leavedate,EmployeeWorktime.isagreement AS isagreement,EmployeeWorktime.price AS price,EmployeeWorktime.totaltime AS totaltime,EmployeeWorktime.waterandelectricity AS waterandelectricity,EmployeeWorktime.overallcost AS overallcost,EmployeeWorktime.iccard AS iccard,EmployeeWorktime.penalty AS penalty,EmployeeWorktime.commercialinsurance AS commercialinsurance,EmployeeWorktime.managementcost AS managementcost,EmployeeWorktime.carfare AS carfare,EmployeeWorktime.borrow AS borrow,EmployeeWorktime.liquidateddamages AS liquidateddamages,EmployeeWorktime.addedinfo AS worktime_addedinfo,EmployeeWorker.name AS name,EmployeeWorker.categoryid AS categoryid,EmployeeWorker.undercontractwage AS undercontractwage,EmployeeWorker.fullagreementwage AS fullagreementwage FROM ems_employee_worktime EmployeeWorktime LEFT JOIN ems_employee_worker EmployeeWorker ON EmployeeWorktime.workerid=EmployeeWorker.id ORDER BY `id` desc LIMIT 0,20   [ RunTime:0.0000s ]

[ 2019-11-05T22:26:02+08:00 ] 127.0.0.1 /Admin/Employee/getWorkerList
INFO: [ app_begin ] --START--
INFO: Run Behavior\ReadHtmlCacheBehavior [ RunTime:0.000000s ]
INFO: [ app_begin ] --END-- [ RunTime:0.000000s ]
SQL: SHOW COLUMNS FROM `ems_admin_user` [ RunTime:0.0010s ]
SQL: SELECT * FROM `ems_admin_user` WHERE ( id=1 ) LIMIT 1   [ RunTime:0.0010s ]
NOTIC: [8] Undefined index: cate D:\phpstudy_pro\WWW\App\Admin\Controller\EmployeeController.class.php 第 218 行.
SQL: SHOW COLUMNS FROM `ems_employee_worker` [ RunTime:0.0010s ]
NOTIC: [8] Undefined variable: map D:\phpstudy_pro\WWW\App\Admin\Controller\EmployeeController.class.php 第 228 行.
SQL: SELECT COUNT(*) AS tp_count FROM `ems_employee_worker` LIMIT 1   [ RunTime:0.0020s ]
NOTIC: [8] Undefined variable: map D:\phpstudy_pro\WWW\App\Admin\Controller\EmployeeController.class.php 第 229 行.
SQL: SELECT `id`,`name`,`idcard` FROM `ems_employee_worker` ORDER BY name asc LIMIT 0,10   [ RunTime:0.0010s ]

[ 2019-11-05T22:26:07+08:00 ] 127.0.0.1 /Admin/Employee/getWorktime
INFO: [ app_begin ] --START--
INFO: Run Behavior\ReadHtmlCacheBehavior [ RunTime:0.001000s ]
INFO: [ app_begin ] --END-- [ RunTime:0.001000s ]
SQL: SHOW COLUMNS FROM `ems_admin_user` [ RunTime:0.0020s ]
SQL: SELECT * FROM `ems_admin_user` WHERE ( id=1 ) LIMIT 1   [ RunTime:0.0000s ]
SQL: SHOW COLUMNS FROM `ems_employee_worktime` [ RunTime:0.0010s ]
SQL: SHOW COLUMNS FROM `ems_employee_worker` [ RunTime:0.0010s ]
SQL: SELECT COUNT(*) AS tp_count FROM ems_employee_worktime EmployeeWorktime LEFT JOIN ems_employee_worker EmployeeWorker ON EmployeeWorktime.workerid=EmployeeWorker.id LIMIT 1   [ RunTime:0.0020s ]
SQL: SELECT EmployeeWorktime.id AS id,EmployeeWorktime.time AS time,EmployeeWorktime.workerid AS workerid,EmployeeWorktime.checkindate AS checkindate,EmployeeWorktime.leavedate AS leavedate,EmployeeWorktime.isagreement AS isagreement,EmployeeWorktime.price AS price,EmployeeWorktime.totaltime AS totaltime,EmployeeWorktime.waterandelectricity AS waterandelectricity,EmployeeWorktime.overallcost AS overallcost,EmployeeWorktime.iccard AS iccard,EmployeeWorktime.penalty AS penalty,EmployeeWorktime.commercialinsurance AS commercialinsurance,EmployeeWorktime.managementcost AS managementcost,EmployeeWorktime.carfare AS carfare,EmployeeWorktime.borrow AS borrow,EmployeeWorktime.liquidateddamages AS liquidateddamages,EmployeeWorktime.addedinfo AS worktime_addedinfo,EmployeeWorker.name AS name,EmployeeWorker.categoryid AS categoryid,EmployeeWorker.undercontractwage AS undercontractwage,EmployeeWorker.fullagreementwage AS fullagreementwage FROM ems_employee_worktime EmployeeWorktime LEFT JOIN ems_employee_worker EmployeeWorker ON EmployeeWorktime.workerid=EmployeeWorker.id ORDER BY `id` desc LIMIT 0,20   [ RunTime:0.0000s ]

[ 2019-11-05T22:26:08+08:00 ] 127.0.0.1 /Admin/Employee/getWorkerList
INFO: [ app_begin ] --START--
INFO: Run Behavior\ReadHtmlCacheBehavior [ RunTime:0.000000s ]
INFO: [ app_begin ] --END-- [ RunTime:0.000000s ]
SQL: SHOW COLUMNS FROM `ems_admin_user` [ RunTime:0.0010s ]
SQL: SELECT * FROM `ems_admin_user` WHERE ( id=1 ) LIMIT 1   [ RunTime:0.0000s ]
NOTIC: [8] Undefined index: cate D:\phpstudy_pro\WWW\App\Admin\Controller\EmployeeController.class.php 第 218 行.
SQL: SHOW COLUMNS FROM `ems_employee_worker` [ RunTime:0.0010s ]
NOTIC: [8] Undefined variable: map D:\phpstudy_pro\WWW\App\Admin\Controller\EmployeeController.class.php 第 228 行.
SQL: SELECT COUNT(*) AS tp_count FROM `ems_employee_worker` LIMIT 1   [ RunTime:0.0020s ]
NOTIC: [8] Undefined variable: map D:\phpstudy_pro\WWW\App\Admin\Controller\EmployeeController.class.php 第 229 行.
SQL: SELECT `id`,`name`,`idcard` FROM `ems_employee_worker` ORDER BY name asc LIMIT 0,10   [ RunTime:0.0000s ]

[ 2019-11-05T22:27:36+08:00 ] 127.0.0.1 /Admin/Employee/getUploadedFiles
INFO: [ app_begin ] --START--
INFO: Run Behavior\ReadHtmlCacheBehavior [ RunTime:0.001001s ]
INFO: [ app_begin ] --END-- [ RunTime:0.001001s ]
SQL: SHOW COLUMNS FROM `ems_admin_user` [ RunTime:0.0020s ]
SQL: SELECT * FROM `ems_admin_user` WHERE ( id=1 ) LIMIT 1   [ RunTime:0.0000s ]

[ 2019-11-05T22:28:42+08:00 ] 127.0.0.1 /Admin/Index/getSideMenu
INFO: [ app_begin ] --START--
INFO: Run Behavior\ReadHtmlCacheBehavior [ RunTime:0.000000s ]
INFO: [ app_begin ] --END-- [ RunTime:0.000000s ]
SQL: SHOW COLUMNS FROM `ems_admin_user` [ RunTime:0.0020s ]
SQL: SELECT * FROM `ems_admin_user` WHERE ( id=1 ) LIMIT 1   [ RunTime:0.0000s ]
SQL: SHOW COLUMNS FROM `ems_system_menu` [ RunTime:0.0030s ]
SQL: SELECT * FROM `ems_system_menu` WHERE ( hide=0 ) ORDER BY myorder asc  [ RunTime:0.0040s ]

[ 2019-11-05T22:29:04+08:00 ] 127.0.0.1 /Admin/Employee/getUploadedFiles
INFO: [ app_begin ] --START--
INFO: Run Behavior\ReadHtmlCacheBehavior [ RunTime:0.000000s ]
INFO: [ app_begin ] --END-- [ RunTime:0.000000s ]
SQL: SHOW COLUMNS FROM `ems_admin_user` [ RunTime:0.0010s ]
SQL: SELECT * FROM `ems_admin_user` WHERE ( id=1 ) LIMIT 1   [ RunTime:0.0010s ]

[ 2019-11-05T22:33:35+08:00 ] 127.0.0.1 /Admin/Employee/getUploadedFiles
INFO: [ app_begin ] --START--
INFO: Run Behavior\ReadHtmlCacheBehavior [ RunTime:0.000000s ]
INFO: [ app_begin ] --END-- [ RunTime:0.000000s ]
SQL: SHOW COLUMNS FROM `ems_admin_user` [ RunTime:0.0020s ]
SQL: SELECT * FROM `ems_admin_user` WHERE ( id=1 ) LIMIT 1   [ RunTime:0.0000s ]

[ 2019-11-05T22:35:29+08:00 ] 127.0.0.1 /Admin/Employee/getUploadedFiles
INFO: [ app_begin ] --START--
INFO: Run Behavior\ReadHtmlCacheBehavior [ RunTime:0.001000s ]
INFO: [ app_begin ] --END-- [ RunTime:0.001000s ]
SQL: SHOW COLUMNS FROM `ems_admin_user` [ RunTime:0.0020s ]
SQL: SELECT * FROM `ems_admin_user` WHERE ( id=1 ) LIMIT 1   [ RunTime:0.0000s ]

[ 2019-11-05T22:38:50+08:00 ] 127.0.0.1 /Admin/Employee/getUploadedFiles
INFO: [ app_begin ] --START--
INFO: Run Behavior\ReadHtmlCacheBehavior [ RunTime:0.000000s ]
INFO: [ app_begin ] --END-- [ RunTime:0.000000s ]
SQL: SHOW COLUMNS FROM `ems_admin_user` [ RunTime:0.0010s ]
SQL: SELECT * FROM `ems_admin_user` WHERE ( id=1 ) LIMIT 1   [ RunTime:0.0010s ]

[ 2019-11-05T22:39:30+08:00 ] 127.0.0.1 /Admin/Employee/getUploadedFiles
INFO: [ app_begin ] --START--
INFO: Run Behavior\ReadHtmlCacheBehavior [ RunTime:0.001000s ]
INFO: [ app_begin ] --END-- [ RunTime:0.001000s ]
SQL: SHOW COLUMNS FROM `ems_admin_user` [ RunTime:0.0020s ]
SQL: SELECT * FROM `ems_admin_user` WHERE ( id=1 ) LIMIT 1   [ RunTime:0.0000s ]

[ 2019-11-05T22:40:08+08:00 ] 127.0.0.1 /Admin/Employee/getUploadedFiles
INFO: [ app_begin ] --START--
INFO: Run Behavior\ReadHtmlCacheBehavior [ RunTime:0.000000s ]
INFO: [ app_begin ] --END-- [ RunTime:0.000000s ]
SQL: SHOW COLUMNS FROM `ems_admin_user` [ RunTime:0.0010s ]
SQL: SELECT * FROM `ems_admin_user` WHERE ( id=1 ) LIMIT 1   [ RunTime:0.0000s ]

[ 2019-11-05T22:40:57+08:00 ] 127.0.0.1 /Admin/Employee/getUploadedFiles
INFO: [ app_begin ] --START--
INFO: Run Behavior\ReadHtmlCacheBehavior [ RunTime:0.001000s ]
INFO: [ app_begin ] --END-- [ RunTime:0.001000s ]
SQL: SHOW COLUMNS FROM `ems_admin_user` [ RunTime:0.0020s ]
SQL: SELECT * FROM `ems_admin_user` WHERE ( id=1 ) LIMIT 1   [ RunTime:0.0000s ]

[ 2019-11-05T22:41:13+08:00 ] 127.0.0.1 /Admin/Employee/getUploadedFiles
INFO: [ app_begin ] --START--
INFO: Run Behavior\ReadHtmlCacheBehavior [ RunTime:0.001000s ]
INFO: [ app_begin ] --END-- [ RunTime:0.001000s ]
SQL: SHOW COLUMNS FROM `ems_admin_user` [ RunTime:0.0010s ]
SQL: SELECT * FROM `ems_admin_user` WHERE ( id=1 ) LIMIT 1   [ RunTime:0.0000s ]

[ 2019-11-05T22:41:14+08:00 ] 127.0.0.1 /Admin/Employee/getUploadedFiles
INFO: [ app_begin ] --START--
INFO: Run Behavior\ReadHtmlCacheBehavior [ RunTime:0.000000s ]
INFO: [ app_begin ] --END-- [ RunTime:0.001000s ]
SQL: SHOW COLUMNS FROM `ems_admin_user` [ RunTime:0.0020s ]
SQL: SELECT * FROM `ems_admin_user` WHERE ( id=1 ) LIMIT 1   [ RunTime:0.0000s ]

[ 2019-11-05T22:41:14+08:00 ] 127.0.0.1 /Admin/Employee/getUploadedFiles
INFO: [ app_begin ] --START--
INFO: Run Behavior\ReadHtmlCacheBehavior [ RunTime:0.001000s ]
INFO: [ app_begin ] --END-- [ RunTime:0.001000s ]
SQL: SHOW COLUMNS FROM `ems_admin_user` [ RunTime:0.0010s ]
SQL: SELECT * FROM `ems_admin_user` WHERE ( id=1 ) LIMIT 1   [ RunTime:0.0000s ]

[ 2019-11-05T22:41:14+08:00 ] 127.0.0.1 /Admin/Employee/getUploadedFiles
INFO: [ app_begin ] --START--
INFO: Run Behavior\ReadHtmlCacheBehavior [ RunTime:0.000000s ]
INFO: [ app_begin ] --END-- [ RunTime:0.000000s ]
SQL: SHOW COLUMNS FROM `ems_admin_user` [ RunTime:0.0010s ]
SQL: SELECT * FROM `ems_admin_user` WHERE ( id=1 ) LIMIT 1   [ RunTime:0.0010s ]

[ 2019-11-05T22:41:14+08:00 ] 127.0.0.1 /Admin/Employee/getUploadedFiles
INFO: [ app_begin ] --START--
INFO: Run Behavior\ReadHtmlCacheBehavior [ RunTime:0.000000s ]
INFO: [ app_begin ] --END-- [ RunTime:0.000000s ]
SQL: SHOW COLUMNS FROM `ems_admin_user` [ RunTime:0.0010s ]
SQL: SELECT * FROM `ems_admin_user` WHERE ( id=1 ) LIMIT 1   [ RunTime:0.0000s ]

[ 2019-11-05T22:41:14+08:00 ] 127.0.0.1 /Admin/Employee/getUploadedFiles
INFO: [ app_begin ] --START--
INFO: Run Behavior\ReadHtmlCacheBehavior [ RunTime:0.000000s ]
INFO: [ app_begin ] --END-- [ RunTime:0.000000s ]
SQL: SHOW COLUMNS FROM `ems_admin_user` [ RunTime:0.0020s ]
SQL: SELECT * FROM `ems_admin_user` WHERE ( id=1 ) LIMIT 1   [ RunTime:0.0000s ]

[ 2019-11-05T22:41:15+08:00 ] 127.0.0.1 /Admin/Employee/getUploadedFiles
INFO: [ app_begin ] --START--
INFO: Run Behavior\ReadHtmlCacheBehavior [ RunTime:0.000000s ]
INFO: [ app_begin ] --END-- [ RunTime:0.000000s ]
SQL: SHOW COLUMNS FROM `ems_admin_user` [ RunTime:0.0010s ]
SQL: SELECT * FROM `ems_admin_user` WHERE ( id=1 ) LIMIT 1   [ RunTime:0.0000s ]

[ 2019-11-05T22:41:15+08:00 ] 127.0.0.1 /Admin/Employee/getUploadedFiles
INFO: [ app_begin ] --START--
INFO: Run Behavior\ReadHtmlCacheBehavior [ RunTime:0.001000s ]
INFO: [ app_begin ] --END-- [ RunTime:0.001000s ]
SQL: SHOW COLUMNS FROM `ems_admin_user` [ RunTime:0.0020s ]
SQL: SELECT * FROM `ems_admin_user` WHERE ( id=1 ) LIMIT 1   [ RunTime:0.0000s ]

[ 2019-11-05T22:41:30+08:00 ] 127.0.0.1 /Admin/Employee/getUploadedFiles
INFO: [ app_begin ] --START--
INFO: Run Behavior\ReadHtmlCacheBehavior [ RunTime:0.001000s ]
INFO: [ app_begin ] --END-- [ RunTime:0.001000s ]
SQL: SHOW COLUMNS FROM `ems_admin_user` [ RunTime:0.0020s ]
SQL: SELECT * FROM `ems_admin_user` WHERE ( id=1 ) LIMIT 1   [ RunTime:0.0000s ]

[ 2019-11-05T22:41:31+08:00 ] 127.0.0.1 /Admin/Employee/getUploadedFiles
INFO: [ app_begin ] --START--
INFO: Run Behavior\ReadHtmlCacheBehavior [ RunTime:0.000000s ]
INFO: [ app_begin ] --END-- [ RunTime:0.000000s ]
SQL: SHOW COLUMNS FROM `ems_admin_user` [ RunTime:0.0020s ]
SQL: SELECT * FROM `ems_admin_user` WHERE ( id=1 ) LIMIT 1   [ RunTime:0.0000s ]

[ 2019-11-05T22:41:31+08:00 ] 127.0.0.1 /Admin/Employee/getUploadedFiles
INFO: [ app_begin ] --START--
INFO: Run Behavior\ReadHtmlCacheBehavior [ RunTime:0.000000s ]
INFO: [ app_begin ] --END-- [ RunTime:0.000000s ]
SQL: SHOW COLUMNS FROM `ems_admin_user` [ RunTime:0.0020s ]
SQL: SELECT * FROM `ems_admin_user` WHERE ( id=1 ) LIMIT 1   [ RunTime:0.0000s ]

[ 2019-11-05T22:41:31+08:00 ] 127.0.0.1 /Admin/Employee/getUploadedFiles
INFO: [ app_begin ] --START--
INFO: Run Behavior\ReadHtmlCacheBehavior [ RunTime:0.000000s ]
INFO: [ app_begin ] --END-- [ RunTime:0.000000s ]
SQL: SHOW COLUMNS FROM `ems_admin_user` [ RunTime:0.0010s ]
SQL: SELECT * FROM `ems_admin_user` WHERE ( id=1 ) LIMIT 1   [ RunTime:0.0000s ]

[ 2019-11-05T22:41:32+08:00 ] 127.0.0.1 /Admin/Employee/getUploadedFiles
INFO: [ app_begin ] --START--
INFO: Run Behavior\ReadHtmlCacheBehavior [ RunTime:0.000000s ]
INFO: [ app_begin ] --END-- [ RunTime:0.000000s ]
SQL: SHOW COLUMNS FROM `ems_admin_user` [ RunTime:0.0010s ]
SQL: SELECT * FROM `ems_admin_user` WHERE ( id=1 ) LIMIT 1   [ RunTime:0.0000s ]

[ 2019-11-05T22:55:44+08:00 ] 127.0.0.1 /Admin/Employee/getUploadedFiles
INFO: [ app_begin ] --START--
INFO: Run Behavior\ReadHtmlCacheBehavior [ RunTime:0.001000s ]
INFO: [ app_begin ] --END-- [ RunTime:0.001000s ]
SQL: SHOW COLUMNS FROM `ems_admin_user` [ RunTime:0.0030s ]
SQL: SELECT * FROM `ems_admin_user` WHERE ( id=1 ) LIMIT 1   [ RunTime:0.0050s ]

[ 2019-11-05T22:55:48+08:00 ] 127.0.0.1 /Admin/Alarm/getAlarm
INFO: [ app_begin ] --START--
INFO: Run Behavior\ReadHtmlCacheBehavior [ RunTime:0.000000s ]
INFO: [ app_begin ] --END-- [ RunTime:0.000000s ]
SQL: SHOW COLUMNS FROM `ems_admin_user` [ RunTime:0.0020s ]
SQL: SELECT * FROM `ems_admin_user` WHERE ( id=1 ) LIMIT 1   [ RunTime:0.0020s ]
SQL: SHOW COLUMNS FROM `ems_alarm` [ RunTime:0.0010s ]
SQL: SELECT COUNT(*) AS tp_count FROM `ems_alarm` LIMIT 1   [ RunTime:0.0010s ]
ERR: 1054:Unknown column 'alarmnumber' in 'field list'
 [ SQL语句 ] : SELECT `id`,`alarmnumber`,`phonenumber`,`alarminfo` FROM `ems_alarm` LIMIT 0,20  
ERR: 1054:Unknown column 'alarmnumber' in 'field list'
 [ SQL语句 ] : SELECT `id`,`alarmnumber`,`phonenumber`,`alarminfo` FROM `ems_alarm` LIMIT 0,20  

[ 2019-11-05T22:55:50+08:00 ] 127.0.0.1 /Admin/Alarm/getAlarm
INFO: [ app_begin ] --START--
INFO: Run Behavior\ReadHtmlCacheBehavior [ RunTime:0.000000s ]
INFO: [ app_begin ] --END-- [ RunTime:0.000000s ]
SQL: SHOW COLUMNS FROM `ems_admin_user` [ RunTime:0.0020s ]
SQL: SELECT * FROM `ems_admin_user` WHERE ( id=1 ) LIMIT 1   [ RunTime:0.0020s ]
SQL: SHOW COLUMNS FROM `ems_alarm` [ RunTime:0.0010s ]
SQL: SELECT COUNT(*) AS tp_count FROM `ems_alarm` LIMIT 1   [ RunTime:0.0020s ]
ERR: 1054:Unknown column 'alarmnumber' in 'field list'
 [ SQL语句 ] : SELECT `id`,`alarmnumber`,`phonenumber`,`alarminfo` FROM `ems_alarm` LIMIT 0,20  
ERR: 1054:Unknown column 'alarmnumber' in 'field list'
 [ SQL语句 ] : SELECT `id`,`alarmnumber`,`phonenumber`,`alarminfo` FROM `ems_alarm` LIMIT 0,20  

[ 2019-11-05T23:03:30+08:00 ] 127.0.0.1 /Admin/Alarm/getAlarm
INFO: [ app_begin ] --START--
INFO: Run Behavior\ReadHtmlCacheBehavior [ RunTime:0.000000s ]
INFO: [ app_begin ] --END-- [ RunTime:0.000000s ]
SQL: SHOW COLUMNS FROM `ems_admin_user` [ RunTime:0.0030s ]
SQL: SELECT * FROM `ems_admin_user` WHERE ( id=1 ) LIMIT 1   [ RunTime:0.0020s ]
SQL: SHOW COLUMNS FROM `ems_alarm` [ RunTime:0.0020s ]
SQL: SELECT COUNT(*) AS tp_count FROM `ems_alarm` LIMIT 1   [ RunTime:0.0020s ]
ERR: 1054:Unknown column 'alarmnumber' in 'field list'
 [ SQL语句 ] : SELECT `id`,`alarmnumber`,`phonenumber`,`alarminfo` FROM `ems_alarm` LIMIT 0,20  
ERR: 1054:Unknown column 'alarmnumber' in 'field list'
 [ SQL语句 ] : SELECT `id`,`alarmnumber`,`phonenumber`,`alarminfo` FROM `ems_alarm` LIMIT 0,20  

[ 2019-11-05T23:05:03+08:00 ] 127.0.0.1 /Admin/Alarm/getAlarm
INFO: [ app_begin ] --START--
INFO: Run Behavior\ReadHtmlCacheBehavior [ RunTime:0.000000s ]
INFO: [ app_begin ] --END-- [ RunTime:0.000000s ]
SQL: SHOW COLUMNS FROM `ems_admin_user` [ RunTime:0.0020s ]
SQL: SELECT * FROM `ems_admin_user` WHERE ( id=1 ) LIMIT 1   [ RunTime:0.0020s ]
SQL: SHOW COLUMNS FROM `ems_alarm` [ RunTime:0.0010s ]
SQL: SELECT COUNT(*) AS tp_count FROM `ems_alarm` LIMIT 1   [ RunTime:0.0010s ]
ERR: 1054:Unknown column 'alarmnumber' in 'field list'
 [ SQL语句 ] : SELECT `id`,`alarmnumber`,`phonenumber`,`alarminfo` FROM `ems_alarm` LIMIT 0,20  
ERR: 1054:Unknown column 'alarmnumber' in 'field list'
 [ SQL语句 ] : SELECT `id`,`alarmnumber`,`phonenumber`,`alarminfo` FROM `ems_alarm` LIMIT 0,20  

[ 2019-11-05T23:06:57+08:00 ] 127.0.0.1 /Admin/Alarm/getAlarm
INFO: [ app_begin ] --START--
INFO: Run Behavior\ReadHtmlCacheBehavior [ RunTime:0.000000s ]
INFO: [ app_begin ] --END-- [ RunTime:0.000000s ]
SQL: SHOW COLUMNS FROM `ems_admin_user` [ RunTime:0.0020s ]
SQL: SELECT * FROM `ems_admin_user` WHERE ( id=1 ) LIMIT 1   [ RunTime:0.0020s ]
SQL: SHOW COLUMNS FROM `ems_alarm` [ RunTime:0.0010s ]
SQL: SELECT COUNT(*) AS tp_count FROM `ems_alarm` LIMIT 1   [ RunTime:0.0020s ]
ERR: 1054:Unknown column 'alarmnumber' in 'field list'
 [ SQL语句 ] : SELECT `id`,`alarmnumber`,`phonenumber`,`alarminfo` FROM `ems_alarm` LIMIT 0,20  
ERR: 1054:Unknown column 'alarmnumber' in 'field list'
 [ SQL语句 ] : SELECT `id`,`alarmnumber`,`phonenumber`,`alarminfo` FROM `ems_alarm` LIMIT 0,20  

[ 2019-11-05T23:08:00+08:00 ] 127.0.0.1 /Admin/Alarm/getAlarm
INFO: [ app_begin ] --START--
INFO: Run Behavior\ReadHtmlCacheBehavior [ RunTime:0.000000s ]
INFO: [ app_begin ] --END-- [ RunTime:0.000000s ]
SQL: SHOW COLUMNS FROM `ems_admin_user` [ RunTime:0.0020s ]
SQL: SELECT * FROM `ems_admin_user` WHERE ( id=1 ) LIMIT 1   [ RunTime:0.0000s ]
SQL: SHOW COLUMNS FROM `ems_alarm` [ RunTime:0.0010s ]
SQL: SELECT COUNT(*) AS tp_count FROM `ems_alarm` LIMIT 1   [ RunTime:0.0020s ]
ERR: 1054:Unknown column 'alarmnumber' in 'field list'
 [ SQL语句 ] : SELECT `id`,`alarmnumber`,`phonenumber`,`alarminfo` FROM `ems_alarm` LIMIT 0,20  
ERR: 1054:Unknown column 'alarmnumber' in 'field list'
 [ SQL语句 ] : SELECT `id`,`alarmnumber`,`phonenumber`,`alarminfo` FROM `ems_alarm` LIMIT 0,20  

[ 2019-11-05T23:08:39+08:00 ] 127.0.0.1 /Admin/Alarm/getAlarm
INFO: [ app_begin ] --START--
INFO: Run Behavior\ReadHtmlCacheBehavior [ RunTime:0.001000s ]
INFO: [ app_begin ] --END-- [ RunTime:0.001000s ]
SQL: SHOW COLUMNS FROM `ems_admin_user` [ RunTime:0.0020s ]
SQL: SELECT * FROM `ems_admin_user` WHERE ( id=1 ) LIMIT 1   [ RunTime:0.0000s ]
SQL: SHOW COLUMNS FROM `ems_alarm` [ RunTime:0.0010s ]
SQL: SELECT COUNT(*) AS tp_count FROM `ems_alarm` LIMIT 1   [ RunTime:0.0020s ]
ERR: 1054:Unknown column 'alarmnumber' in 'field list'
 [ SQL语句 ] : SELECT `id`,`alarmnumber`,`phonenumber`,`alarminfo` FROM `ems_alarm` LIMIT 0,20  
ERR: 1054:Unknown column 'alarmnumber' in 'field list'
 [ SQL语句 ] : SELECT `id`,`alarmnumber`,`phonenumber`,`alarminfo` FROM `ems_alarm` LIMIT 0,20  

[ 2019-11-05T23:08:40+08:00 ] 127.0.0.1 /Admin/Alarm/getAlarm
INFO: [ app_begin ] --START--
INFO: Run Behavior\ReadHtmlCacheBehavior [ RunTime:0.001000s ]
INFO: [ app_begin ] --END-- [ RunTime:0.001000s ]
SQL: SHOW COLUMNS FROM `ems_admin_user` [ RunTime:0.0020s ]
SQL: SELECT * FROM `ems_admin_user` WHERE ( id=1 ) LIMIT 1   [ RunTime:0.0000s ]
SQL: SHOW COLUMNS FROM `ems_alarm` [ RunTime:0.0010s ]
SQL: SELECT COUNT(*) AS tp_count FROM `ems_alarm` LIMIT 1   [ RunTime:0.0000s ]
ERR: 1054:Unknown column 'alarmnumber' in 'field list'
 [ SQL语句 ] : SELECT `id`,`alarmnumber`,`phonenumber`,`alarminfo` FROM `ems_alarm` LIMIT 0,20  
ERR: 1054:Unknown column 'alarmnumber' in 'field list'
 [ SQL语句 ] : SELECT `id`,`alarmnumber`,`phonenumber`,`alarminfo` FROM `ems_alarm` LIMIT 0,20  

[ 2019-11-05T23:08:41+08:00 ] 127.0.0.1 /Admin/Alarm/getAlarm
INFO: [ app_begin ] --START--
INFO: Run Behavior\ReadHtmlCacheBehavior [ RunTime:0.001000s ]
INFO: [ app_begin ] --END-- [ RunTime:0.001000s ]
SQL: SHOW COLUMNS FROM `ems_admin_user` [ RunTime:0.0010s ]
SQL: SELECT * FROM `ems_admin_user` WHERE ( id=1 ) LIMIT 1   [ RunTime:0.0000s ]
SQL: SHOW COLUMNS FROM `ems_alarm` [ RunTime:0.0010s ]
SQL: SELECT COUNT(*) AS tp_count FROM `ems_alarm` LIMIT 1   [ RunTime:0.0000s ]
ERR: 1054:Unknown column 'alarmnumber' in 'field list'
 [ SQL语句 ] : SELECT `id`,`alarmnumber`,`phonenumber`,`alarminfo` FROM `ems_alarm` LIMIT 0,20  
ERR: 1054:Unknown column 'alarmnumber' in 'field list'
 [ SQL语句 ] : SELECT `id`,`alarmnumber`,`phonenumber`,`alarminfo` FROM `ems_alarm` LIMIT 0,20  

[ 2019-11-05T23:08:41+08:00 ] 127.0.0.1 /Admin/Alarm/getAlarm
INFO: [ app_begin ] --START--
INFO: Run Behavior\ReadHtmlCacheBehavior [ RunTime:0.001000s ]
INFO: [ app_begin ] --END-- [ RunTime:0.001000s ]
SQL: SHOW COLUMNS FROM `ems_admin_user` [ RunTime:0.0020s ]
SQL: SELECT * FROM `ems_admin_user` WHERE ( id=1 ) LIMIT 1   [ RunTime:0.0000s ]
SQL: SHOW COLUMNS FROM `ems_alarm` [ RunTime:0.0010s ]
SQL: SELECT COUNT(*) AS tp_count FROM `ems_alarm` LIMIT 1   [ RunTime:0.0020s ]
ERR: 1054:Unknown column 'alarmnumber' in 'field list'
 [ SQL语句 ] : SELECT `id`,`alarmnumber`,`phonenumber`,`alarminfo` FROM `ems_alarm` LIMIT 0,20  
ERR: 1054:Unknown column 'alarmnumber' in 'field list'
 [ SQL语句 ] : SELECT `id`,`alarmnumber`,`phonenumber`,`alarminfo` FROM `ems_alarm` LIMIT 0,20  

[ 2019-11-05T23:10:13+08:00 ] 127.0.0.1 /Admin/Alarm/getAlarm
INFO: [ app_begin ] --START--
INFO: Run Behavior\ReadHtmlCacheBehavior [ RunTime:0.001000s ]
INFO: [ app_begin ] --END-- [ RunTime:0.001000s ]
SQL: SHOW COLUMNS FROM `ems_admin_user` [ RunTime:0.0020s ]
SQL: SELECT * FROM `ems_admin_user` WHERE ( id=1 ) LIMIT 1   [ RunTime:0.0000s ]
SQL: SHOW COLUMNS FROM `ems_alarm` [ RunTime:0.0010s ]
SQL: SELECT COUNT(*) AS tp_count FROM `ems_alarm` LIMIT 1   [ RunTime:0.0040s ]
SQL: SELECT `id`,`alarmnumber`,`phonenumber`,`alarminfo` FROM `ems_alarm` LIMIT 0,20   [ RunTime:0.0000s ]

[ 2019-11-05T23:10:14+08:00 ] 127.0.0.1 /Admin/Alarm/getAlarm
INFO: [ app_begin ] --START--
INFO: Run Behavior\ReadHtmlCacheBehavior [ RunTime:0.000000s ]
INFO: [ app_begin ] --END-- [ RunTime:0.000000s ]
SQL: SHOW COLUMNS FROM `ems_admin_user` [ RunTime:0.0010s ]
SQL: SELECT * FROM `ems_admin_user` WHERE ( id=1 ) LIMIT 1   [ RunTime:0.0000s ]
SQL: SHOW COLUMNS FROM `ems_alarm` [ RunTime:0.0010s ]
SQL: SELECT COUNT(*) AS tp_count FROM `ems_alarm` LIMIT 1   [ RunTime:0.0020s ]
SQL: SELECT `id`,`alarmnumber`,`phonenumber`,`alarminfo` FROM `ems_alarm` LIMIT 0,20   [ RunTime:0.0000s ]

[ 2019-11-05T23:10:29+08:00 ] 127.0.0.1 /Admin/Alarm/getAlarm
INFO: [ app_begin ] --START--
INFO: Run Behavior\ReadHtmlCacheBehavior [ RunTime:0.000000s ]
INFO: [ app_begin ] --END-- [ RunTime:0.001000s ]
SQL: SHOW COLUMNS FROM `ems_admin_user` [ RunTime:0.0020s ]
SQL: SELECT * FROM `ems_admin_user` WHERE ( id=1 ) LIMIT 1   [ RunTime:0.0000s ]
SQL: SHOW COLUMNS FROM `ems_alarm` [ RunTime:0.0010s ]
SQL: SELECT COUNT(*) AS tp_count FROM `ems_alarm` LIMIT 1   [ RunTime:0.0020s ]
SQL: SELECT `id`,`alarmnumber`,`phonenumber`,`alarminfo` FROM `ems_alarm` LIMIT 0,20   [ RunTime:0.0000s ]

[ 2019-11-05T23:11:06+08:00 ] 127.0.0.1 /Admin/Alarm/getAlarm
INFO: [ app_begin ] --START--
INFO: Run Behavior\ReadHtmlCacheBehavior [ RunTime:0.000000s ]
INFO: [ app_begin ] --END-- [ RunTime:0.000000s ]
SQL: SHOW COLUMNS FROM `ems_admin_user` [ RunTime:0.0020s ]
SQL: SELECT * FROM `ems_admin_user` WHERE ( id=1 ) LIMIT 1   [ RunTime:0.0000s ]
SQL: SHOW COLUMNS FROM `ems_alarm` [ RunTime:0.0010s ]
SQL: SELECT COUNT(*) AS tp_count FROM `ems_alarm` LIMIT 1   [ RunTime:0.0020s ]
SQL: SELECT `id`,`alarmnumber`,`phonenumber`,`alarminfo` FROM `ems_alarm` LIMIT 0,20   [ RunTime:0.0000s ]

[ 2019-11-05T23:11:31+08:00 ] 127.0.0.1 /Admin/Alarm/getAlarm
INFO: [ app_begin ] --START--
INFO: Run Behavior\ReadHtmlCacheBehavior [ RunTime:0.000000s ]
INFO: [ app_begin ] --END-- [ RunTime:0.000000s ]
SQL: SHOW COLUMNS FROM `ems_admin_user` [ RunTime:0.0010s ]
SQL: SELECT * FROM `ems_admin_user` WHERE ( id=1 ) LIMIT 1   [ RunTime:0.0000s ]
SQL: SHOW COLUMNS FROM `ems_alarm` [ RunTime:0.0020s ]
SQL: SELECT COUNT(*) AS tp_count FROM `ems_alarm` LIMIT 1   [ RunTime:0.0020s ]
SQL: SELECT `id`,`alarmnumber`,`phonenumber`,`alarminfo` FROM `ems_alarm` LIMIT 0,20   [ RunTime:0.0000s ]

[ 2019-11-05T23:13:03+08:00 ] 127.0.0.1 /Admin/Alarm/getAlarm
INFO: [ app_begin ] --START--
INFO: Run Behavior\ReadHtmlCacheBehavior [ RunTime:0.001000s ]
INFO: [ app_begin ] --END-- [ RunTime:0.001000s ]
SQL: SHOW COLUMNS FROM `ems_admin_user` [ RunTime:0.0010s ]
SQL: SELECT * FROM `ems_admin_user` WHERE ( id=1 ) LIMIT 1   [ RunTime:0.0000s ]
SQL: SHOW COLUMNS FROM `ems_alarm` [ RunTime:0.0010s ]
SQL: SELECT COUNT(*) AS tp_count FROM `ems_alarm` LIMIT 1   [ RunTime:0.0020s ]
SQL: SELECT `id`,`alarmnumber`,`phonenumber`,`alarminfo` FROM `ems_alarm` LIMIT 0,20   [ RunTime:0.0000s ]

[ 2019-11-05T23:13:21+08:00 ] 127.0.0.1 /Admin/Alarm/getAlarm
INFO: [ app_begin ] --START--
INFO: Run Behavior\ReadHtmlCacheBehavior [ RunTime:0.000000s ]
INFO: [ app_begin ] --END-- [ RunTime:0.000000s ]
SQL: SHOW COLUMNS FROM `ems_admin_user` [ RunTime:0.0010s ]
SQL: SELECT * FROM `ems_admin_user` WHERE ( id=1 ) LIMIT 1   [ RunTime:0.0000s ]
SQL: SHOW COLUMNS FROM `ems_alarm` [ RunTime:0.0010s ]
SQL: SELECT COUNT(*) AS tp_count FROM `ems_alarm` LIMIT 1   [ RunTime:0.0000s ]
SQL: SELECT `id`,`alarmnumber`,`phonenumber`,`alarminfo` FROM `ems_alarm` LIMIT 0,20   [ RunTime:0.0000s ]

[ 2019-11-05T23:13:43+08:00 ] 127.0.0.1 /Admin/Alarm/getAlarm
INFO: [ app_begin ] --START--
INFO: Run Behavior\ReadHtmlCacheBehavior [ RunTime:0.000000s ]
INFO: [ app_begin ] --END-- [ RunTime:0.000000s ]
SQL: SHOW COLUMNS FROM `ems_admin_user` [ RunTime:0.0010s ]
SQL: SELECT * FROM `ems_admin_user` WHERE ( id=1 ) LIMIT 1   [ RunTime:0.0000s ]
SQL: SHOW COLUMNS FROM `ems_alarm` [ RunTime:0.0010s ]
SQL: SELECT COUNT(*) AS tp_count FROM `ems_alarm` LIMIT 1   [ RunTime:0.0000s ]
SQL: SELECT `id`,`alarmnumber`,`phonenumber`,`alarminfo` FROM `ems_alarm` LIMIT 0,20   [ RunTime:0.0000s ]

[ 2019-11-05T23:13:56+08:00 ] 127.0.0.1 /Admin/Alarm/getAlarm
INFO: [ app_begin ] --START--
INFO: Run Behavior\ReadHtmlCacheBehavior [ RunTime:0.000000s ]
INFO: [ app_begin ] --END-- [ RunTime:0.000000s ]
SQL: SHOW COLUMNS FROM `ems_admin_user` [ RunTime:0.0020s ]
SQL: SELECT * FROM `ems_admin_user` WHERE ( id=1 ) LIMIT 1   [ RunTime:0.0000s ]
SQL: SHOW COLUMNS FROM `ems_alarm` [ RunTime:0.0010s ]
SQL: SELECT COUNT(*) AS tp_count FROM `ems_alarm` LIMIT 1   [ RunT[(ˮ{HNo]Ĭú/_cvQ|;Ptx{3
~k"/+,^Ӫ(:d*g`@dOaF!P)C0B&cH&MB3^5h*60&5O*D_r4o~D;3qƄfoa; t
F|	<+<]1/5#j&䢨O| (Su"Y^Y;B)ݣMdX˾؝^;sjb-2(.5:h/O6RYIńcY4Ua`B=fm-"vNbB$Lhc2׳
Nx{DF݃h{,qOfYAk3h<ystwR%BUwG9i*hG%"Ezj'b!HѺW2U!I8^R(Mԧc8a/,SBanhAMqFB01<Xji=a270)\_).#-bE\zDBl5Y՜MTp2-N1W!X1ow6Bb<k3`A $-r\QVd0>eZ;uWzcx[f`Փ2,mhyۓi:u5@:L Г{i8~Hg=bڛl~~,PPw:EgoXOJ3{[~nΞ!-;g>rH"~H>iLfa/C0˕QSM Uǿrtټkη	.#^WX~s 
|=D֤>#2Bw=KiOBc6őRAAkO[OhElӝǢYx]Ɉf/,Uc*X[K5*4I; yzYm:?13K('R{:nHEzp$rxQ:jt1Fy 4e5?9a^?<
@gԹ.;p;gg3rZĬf-RA5V;o쁵_I:AMFo	a]# ]E+ETI[W6}ϷVS2FBl
r$WYa80_G䆿e'XjCS!B9zX/0]ٶAuL;xkDyJNTJhY t<:#Tv7$*z2twAa%>lLu+Z˽n+q`OˁU<N{<m`[ 9g]0i0\20bGba+rTZ ȍuܼaҹBw-͹3lʝ06h	k#cyWw@n YX4`,Ky6k}k$LƌI%!G2B{0&=LG$Ưp ̢Ldi.
{:ţء]+ƈPy#|<Ԟxr`21$6UsyXLM<xYObx"jk2e<SxKe5lX|<gsfk7VN
O'E9a_Yjg]9
`A`ɔ@hXdԟY*iԭ9$Ik uϳБjըZ6~!vl+ ,}uEB6ިso9\Mc#fcED+%}jP2n@J&A.%1!q 5﭅3L%m),&1Q"J^
4<io[n+uG}0c9p<"(;`K7#;Jkǃ9mӣMb$Xv@3RNZC5zH`Ni-?|߮kP&BAK@&\zQշmR}=$En=hocpϊ"̦F1D/+ <->xd&U?k:Q`B>^_uh~,~Rt4"mn>)˩
~[۶i-PGBY2KL^.c0 D<7'TnraU|l,dI_wa;)HI'" 6]:柩{ۥ{}q7\QVpsaS=0ZF" K`Mݧqo~8j->끼I}>"pGwb3H9O<%Jcw B}Wb>%Ӷ/@r R[MXgg1eAjakS A)oy5NWFb8es:Q;f޷k(WA_Vqߒ*<&hxX&>Ee.#9v79 ϬoJ
1r䳶CZiÖVلA͔c-6g#q4۳PiE`_$C'&v\.dsM#l?xH[>^Ԧ[JMpv>?KCF@!Lƕrl*sǂ0Yz`,H(8PhP>Ɗ:!Of׆oilGac~3nxD$aA{2˽Ѱ`=Z!z=^P> ;ĩbeȔ>%D>(8b;ǐ3sVUrdyU$-%ŀ4sT*OMs{ouot>pMTƽNӼ#]#03+rtk?ǘ2)GWT9[T<zxj%9<+E"Xvc|}GFf`R0O{LIX璓'$t`p)0q^wn+i'v̏Y߄  LnkqjN<ݓ T1RAT9qUCw0yd:ꌯ~]1ei$@/g1\.$»UaѢqĠ"Zs\`/S:vaϏ5֨4<A=7k=>"
IV!$sd`ҭax65 аuɛ&<OgAlG3^f ղՑE72fM0D5b#|/G
5u v܆
?z
t)FGpDap()O/b s\G} 07B6QU2Nc \nݤ)u-rOMJiӢQJD~"x ]%XQ̂) P۳0S5h\%~"]BagU &u>k5t+0F{OH<FmJ+|PZ1%b4!%گπ@» o󰿼y,C[<N*Hh^q[g,+,ٷ>)1
>y(Qv+wာF*rVk[Dv!X=ee)pD_D?d衄۵5u>\uy)'lVz6|ؾ
SX(Y* |
x,PsT;0ƥqNَ
J}_Ljp.0	T3У?wDvxLq¢S5<n?\:|7+KaD[$Cv/$ۋAlxm+-Sr|:3(rVc<y:!oms_alarm` [ RunTime:0.0010s ]
SQL: SELECT COUNT(*) AS tp_count FROM `ems_alarm` LIMIT 1   [ RunTime:0.0000s ]
SQL: SELECT `id`,`alarmnumber`,`phonenumber`,`alarminfo` FROM `ems_alarm` LIMIT 0,20   [ RunTime:0.0000s ]

[ 2019-11-05T23:19:11+08:00 ] 127.0.0.1 /Admin/Alarm/getAlarm
INFO: [ app_begin ] --START--
INFO: Run Behavior\ReadHtmlCacheBehavior [ RunTime:0.001000s ]
INFO: [ app_begin ] --END-- [ RunTime:0.001000s ]
SQL: SHOW COLUMNS FROM `ems_admin_user` [ RunTime:0.0020s ]
SQL: SELECT * FROM `ems_admin_user` WHERE ( id=1 ) LIMIT 1   [ RunTime:0.0000s ]
SQL: SHOW COLUMNS FROM `ems_alarm` [ RunTime:0.0010s ]
SQL: SELECT COUNT(*) AS tp_count FROM `ems_alarm` LIMIT 1   [ RunTime:0.0020s ]
SQL: SELECT `id`,`alarmnumber`,`phonenumber`,`alarminfo` FROM `ems_alarm` LIMIT 0,20   [ RunTime:0.0000s ]

[ 2019-11-05T23:20:27+08:00 ] 127.0.0.1 /Admin/Alarm/getAlarm
INFO: [ app_begin ] --START--
INFO: Run Behavior\ReadHtmlCacheBehavior [ RunTime:0.000000s ]
INFO: [ app_begin ] --END-- [ RunTime:0.000000s ]
SQL: SHOW COLUMNS FROM `ems_admin_user` [ RunTime:0.0010s ]
SQL: SELECT * FROM `ems_admin_user` WHERE ( id=1 ) LIMIT 1   [ RunTime:0.0010s ]
SQL: SHOW COLUMNS FROM `ems_alarm` [ RunTime:0.0010s ]
SQL: SELECT COUNT(*) AS tp_count FROM `ems_alarm` LIMIT 1   [ RunTime:0.0020s ]
SQL: SELECT `id`,`alarmnumber`,`phonenumber`,`alarminfo` FROM `ems_alarm` LIMIT 0,20   [ RunTime:0.0000s ]

[ 2019-11-05T23:20:55+08:00 ] 127.0.0.1 /Admin/Alarm/getAlarm
INFO: [ app_begin ] --START--
INFO: Run Behavior\ReadHtmlCacheBehavior [ RunTime:0.001000s ]
INFO: [ app_begin ] --END-- [ RunTime:0.001000s ]
SQL: SHOW COLUMNS FROM `ems_admin_user` [ RunTime:0.0010s ]
SQL: SELECT * FROM `ems_admin_user` WHERE ( id=1 ) LIMIT 1   [ RunTime:0.0000s ]
SQL: SHOW COLUMNS FROM `ems_alarm` [ RunTime:0.0010s ]
SQL: SELECT COUNT(*) AS tp_count FROM `ems_alarm` LIMIT 1   [ RunTime:0.0010s ]
SQL: SELECT `id`,`alarmnumber`,`phonenumber`,`alarminfo` FROM `ems_alarm` LIMIT 0,20   [ RunTime:0.0000s ]

[ 2019-11-05T23:22:39+08:00 ] 127.0.0.1 /Admin/Alarm/getAlarm
INFO: [ app_begin ] --START--
INFO: Run Behavior\ReadHtmlCacheBehavior [ RunTime:0.001000s ]
INFO: [ app_begin ] --END-- [ RunTime:0.001000s ]
SQL: SHOW COLUMNS FROM `ems_admin_user` [ RunTime:0.0020s ]
SQL: SELECT * FROM `ems_admin_user` WHERE ( id=1 ) LIMIT 1   [ RunTime:0.0010s ]
SQL: SHOW COLUMNS FROM `ems_alarm` [ RunTime:0.0070s ]
SQL: SELECT COUNT(*) AS tp_count FROM `ems_alarm` LIMIT 1   [ RunTime:0.0030s ]
SQL: SELECT `id`,`alarmnumber`,`phonenumber`,`alarminfo` FROM `ems_alarm` LIMIT 0,20   [ RunTime:0.0000s ]

[ 2019-11-05T23:23:27+08:00 ] 127.0.0.1 /Admin/Employee/getWorkerTree
INFO: [ app_begin ] --START--
INFO: Run Behavior\ReadHtmlCacheBehavior [ RunTime:0.000000s ]
INFO: [ app_begin ] --END-- [ RunTime:0.000000s ]
SQL: SHOW COLUMNS FROM `ems_admin_user` [ RunTime:0.0020s ]
SQL: SELECT * FROM `ems_admin_user` WHERE ( id=1 ) LIMIT 1   [ RunTime:0.0020s ]
SQL: SHOW COLUMNS FROM `ems_employee_worker` [ RunTime:0.0030s ]
SQL: SELECT `id`,`name`,`originid`,`categoryid` FROM `ems_employee_worker`  [ RunTime:0.0050s ]

[ 2019-11-05T23:23:27+08:00 ] 127.0.0.1 /Admin/Employee/getWorker?cate=1
INFO: [ app_begin ] --START--
INFO: Run Behavior\ReadHtmlCacheBehavior [ RunTime:0.001000s ]
INFO: [ app_begin ] --END-- [ RunTime:0.001000s ]
SQL: SHOW COLUMNS FROM `ems_admin_user` [ RunTime:0.0020s ]
SQL: SELECT * FROM `ems_admin_user` WHERE ( id=1 ) LIMIT 1   [ RunTime:0.0020s ]
NOTIC: [8] Undefined index: isinservice D:\phpstudy_pro\WWW\App\Admin\Controller\EmployeeController.class.php 第 41 行.
SQL: SHOW COLUMNS FROM `ems_employee_worker` [ RunTime:0.0010s ]
SQL: SELECT COUNT(*) AS tp_count FROM `ems_employee_worker` WHERE `categoryid` = 1 LIMIT 1   [ RunTime:0.0020s ]
SQL: SELECT EmployeeWorker.id AS id,EmployeeWorker.name AS name,EmployeeWorker.idcard AS idcard,EmployeeWorker.phone AS phone,EmployeeWorker.factory AS factory,EmployeeWorker.categoryid AS categoryid,EmployeeWorker.deliverydate AS deliverydate,EmployeeWorker.terminationdate AS terminatib~C5ai-v#lM=ɐ{YdXĴM)|i3")qfz
peaqt(շy#vkXV8-	֧~f;1qw2#_t>3>J%]d;İ,qNP@xVsؤ8vh;:ڢH]uyJ,=[8861N9,6{9\;3/YSY.r>3.Iqg1v*R9̤Zۼ3蹓iNSC&/&BB0Tߠ+ &'alzvZvv-ߕ+d]0öASY7DҮX򈁮J8~ڈPy'0l -$:'Vy՝~h!*|ߚ.I݃
P$0ފ,LS,cr)ȦP6&iV3zB%oz
n@% qI[s)4O-aS-d-DJl-rt-Lm];F!S*zXCMCp yPmϦ#ke,ӿcwx. kֈ9i Y,F΍=MT2^ٴڠ^q\`hRVׄ="Mq;#g=|NiDSs5_l2
`b̪/eD qdkjm6L@!idYkp"c>8KL
IUp`).sLB LdWM΁"zOdmXޔˮ:˻&hOFkV`O%V3D o:A0ʜW
)bro%"~Sp`S_ZKTJ,k݅jQXY/~r]-^C쥼zyxH<N)ҫ@ܨDYn]>)4~$r*2Z[,~k-nKh9!C8V$Jz0PW/HմbH髯P%pOi/6Ll!kD˒c?{7lX#F祁G9H?>1o\`aH
-WF8#Q0<帡PڄRza*7xG{ER6~ϵW_ D:mM3Q/CWAn3{9֜ĉfHInse36@m}ԩ*RN˒.Lx 	6A^L ɰڟl5_f@n	3h"u`p$E~~af	;
D
E<N8ċF1Lid(~jC'(?61Н^8m6y 8gZSᡭ)J*[ZzR Gmj07`'msYau:˂ϋEI;eiwdХly֣0I\sdXyf WgSR_E{>_M|wApPR76i!gy͛has^	&LQJH['DaCO"6<
u31,]Pb\]MSe US80 )^(q2ή\&keSV-*t;Q:ocU6 |NjǞط#(xnAc(	(15L9EHaD[U[ю.L1
v?kbof@C| eXwӭ)P*nvrRJ4BK3	8-/nlal(jپk,6 @uLBv$3ݴ6Ѣ`((@}$q^@3]C;bс_B6{t7fg埛Q_I_~mU xb4<tNg#Ge#h\0EO)Y1Ri^t.ΛN`QrjeH aܠM C/o$/$;8K[㡴C<wXO]-twsUKpL@;X4ƙ\ⴷ՜gͶXXHQ_V4yy4S,Z4VCF6^R]S|{GIF%U2EQQ8)mpxm2ؘT+-?om];WIS hߦ!h*`rsHnPƝëF'JXRs99`L|*?6b7ab$HRscTx
R f;ԏlkwLA~Y)|Q3Vyeyzp2и@fÏZnu7owpt˻ֻ"Dzl(p_Z$߬6~BeaIP,AY*MfNJ/[D6ӝ8~Zgiό߶9u!`ţ܉\j;}L. nJ>ZeU1Xhkx9iV+w22+B8;kDaSj{đl4!кi2w_JT"7a|GV1kx<?$+V%#ZxM]aӌjao2!kn(*G.Îyj3g-b;=<*<V7\hb՗9o`3z9{bvXC/ Vy7zejzE`8HT,t jc2 PV9TgD5e^ˇnK}L\Y@ϺJױb)D	.n`xOsCePJ誋_7L3`3PT͞+W^MagUSP[%Oxaa^>k}qtl8>gǝ|8%-b$Qo%!zk>t[H qܗ"JD~Delr4~@γ]@\-1{v~oE׳ڇg;[j٩gIIx"B46k4yv,Z>B7Al3<8SjOdbJSO&&2"[5M0E+i,hd(BLnbzAꄘXۿ2e~XZr$6p&2ke+Q$P؞o3L_[}fE`x.{E)NZtb;%Il~I'XOˬH}1Nz|ǖ(M	NA+t!{u(,Yz3k,s;a
agd8Pk}IN5@BѠ9yi m$AK+si3qp3҇,B(^p@9QF| xiUi̸71kd/&dzy56A]T(aDVsmk,'7f?*R>{5ӃFH0gAg^
_ts{@-e I^r]zm0Ww&b+_ݷ{҅	R"`8HןA.*'୅	A`&j~$sb_Fl!T*!#TȚ&it2F@1g,Nw4TI8unAaw7ş\}0}NiMg{y@TuDd~/r3],jT>	B+@9Zˉ봦^Dux7f$1<}or遻Y^AzV*x+/GQ=yK{[Hd^N>WkLDuKaNZ|VYlȔ)v7qJM5x LݭϘiչ{Z+VwYJ˚! i9)$IB'1Fv9S2TYxrIRr&eFܬsԲڀSYDْm`zUczpJг4m`J/QjPs+1(z/\H9 S){,zJRTԖD}yswWF7d0nIaN&"'8/{_jq|t/MvkRL}yb,QIP"q#NAE˹iLpz{S{ie.}qQ5lN::b"9<`[㎻֊@_u͟:iC-SSKMB	9.ah>yh$y/ߦhD L YOp)@|sk)Hƴr/0<GSdձ#WLo@aM!}4^dSn/=c*@#-+>V
\Q9;fJǳ OUyګ1N6_GTMl{ev7תlFV  {^GC_EǩEYd8n%F4I_X9mNś^F5y܆`vMD Ô}%G>dFU/80q:-HUFIA;NCH?h7;4>dKQK%<;2&"
.Am=kϔ=Gh`-_ɆjGLs|vʎ"A}sYi-UI,AH}5(y\6u]RQ}W48S&@
˼:cBw#YeKKDD*8<0[ʗd8W>gB3G$"e}g.
>/O{Rۚ=-m֗R6BɨyOkAs0Mo$@ɝ׎TA^
{Ehjۗ|_']UU<)u\Њ%Fc|rj$xhwʉC[2΂ܳg:#yfP{ٖCi oVDFRT]=xt@mf{vw ֿYv)mաm	dfQ%0ijzKp(ON>UjF?)?	cDlt0걿>?sjiEwXކ=f*τ~.o?βFI``CI$83.kfY 4bRfu^=dU`.xUzd$QP jfyq_%w*l}.0E@5VȮ< d-qتAro\7AU:''0oݲjJY+#Q(mDF~9{0ګqzw.g6>"1Qhr3pnĸ)>speP/$kH.'dFmzxTPR-7<sDNy9fFg2nsqbflV'GrtLa_^o'ZCwZrZQTgg=01ՙ(ㅿJiF"w83N5l;"a}[3,YFpJ8,.h-ԩR#H_N&[߬˕Eҷa~j%7]19FyG^as.;,>&CU!fLjٲ"i!N,a
xzJ6pˮ1a.3_T5OEáY16%	ºW{o*`iJ85NU8F~b{9dɷK]|0ܲhϣ0yialxl`<w0lF-Dqٸ%ό5v6=	T(N.3ʐ}bZ_k6$rLc_	$[ pU/Ǘ}%LulCO<ioiĢL-܁ kgrn]Lb*G*fMjШi]P^(9~j/0(-15)=tĥQRE$ŰZ6F`LMg_W˸n q΄vZZLu;jpKZbkvm_u@F᭳vKz4jڝ6W&.bBr*a:q};،U3Ү8V?֌QrM`&t]ZlѨ1{/]m+)tFQ0Z6/Q$;<-NA2B	G/tĤC?uBOH	<GpeG)yѵE@0zｨ9F{viLZ4NL'Hq%/;ӤcҔcʔG{7+w+2]hK)Y t7Ì A=^$6`.`w{>y`#1tDi?6EpƶcGȪY֚ҤN(;V(`0%U-,mjnkDUᇏ
샟'-jF$8ţ]BbҗGSý >T#|)"BGd&.Xǽ Y' "Wv\ !szKKJ|~%Ui9t3X`gmڱa&V1b^%X[BW{|8HF[2-GgZRI%ʩ^ܣJ׾h)NSDW<M\]<,_$d$MeyFVOTRXD65wEpRmmԼBqٵp߮tqYh[drϑD%T,\**wd"!*4nDQ˔4Sd<,<27jK175_N"cv{NnbwytsfeWzED_Mxj̋sThMXlq{aQ*nBSlr?9l1S߃䃛B5ުm$8鐾cͼF~6P-Lg,JIom +8BB)B}D tς}iE.}lH8 ODj`e*h,]gDv@ޢU`ŝ)0_6<'&.)xݴTt)9G*< U;\3}3bDK|p&'5i"tHXJBTпqDwk;n3JL LH,VD"%DML!6I)^&T<i)nueP6HMn]需?zLf2Rf'59H	Z绘%":U9Ｅ4r"]L{_wz9i\vGןkZWa*Q]fC$r3KYA׷]@Xzz+fzVI½/jYY83:>ecECY%>fI-b$X4{4fkGov*K5wL: ӺG ς߈גE,hm}|s֧#Q5FBR:$tfY5Wh/lEAmkMCWRs!<~tg~L5v6L
2oQHUZ"G'Y#=$7g0xGCN/҅db(<S"M	#Ng܌Q,b>O*ƨAyؘMFd!P #	jtoBb~bQ")xA
JNiQ?&xU1,*8ZSC̝8+Su-
yxjζٍl&카>I11^HǖO;L5$Lo3/Z9~@B|Aq}zY@T	5&!Kp;=ψO~/n3VP¾#hԺ
hy,)̔XQiP0t$moAf+/,l["X MkSa`1D(
z@P$:(ON)͓KhO)7[|&cI6 49E"!]<'ec~`Qkv+,"C&q4z7nܠ`y FǺX}Օ;\^hy[}3G0VSb\^V#$,?UMWL[!f'>!QSFRk
zUM2
'3WH#үDoQCp2`Prgn"+yCrJ{7<ls|<5hM)0?h1m}qWg{ riթ'^xtNlrW?ubYhII_sηH06PBB25\`jPZu/ߛ|w%rR@OqvK@XynAaq<5\L&ICW}υ\RH \{MQJ?vr_&y"&]ZKo,XEe/B0$,|7sc!pF6	*-%~%Jϼ[-p2B"9	K==ާT{!zʶ=iݹe&Rv#_2s+4{O 9<?qB0'ʋEg/TZXkp/m~<`ă>G'pbi.=vv='I2G?3awxP~tS
ѷ&p1aƮ)x$ÙV3 -!ĕ]/'}Go#aH5<)V6߫cg;S,57ax`[W)٫g}V(AH;p,/2_'ZVvrʔӅu!gv"Q6CX""{J#f Տ*m@F&Q9]3Jk82GЫfRD#^3#K|>Gm1~^Ph:p85ޯ֢!o\a@u[f2(ǟVqX7x3{B.0*@ϿxFVT5NO7*L' &Kns +bB/!T;H	ĂVV3eoa}
0d+UdzrҀ [Nj滉:3<d9u
Dq% E;w۰0}5'`, ??.wfQ'77Yo'yhHYXA!P3Yqqů\V#,$jyԆ1|q&ی8^[ih"L,-'жiT45P22q&^q+@Gn!$6邇rw&ҵiK{z#R0\{M5nOj=/OWo_?x "ɻcjǊe4}fE;zٟ߱)W)O)$VV8&Gs8r^ᕁzXw@rN}seM o
'~^d	]8]xuFJ.zo|*ZES9)`1PPGTb#DE2kso#Nx!_#%Ȇb?'P={3A{N&9Jܼ{4})ihQF^V7
#E?:/a^ā7@OM$D]L{_+n_fuj}Qw.PQ9D|B
x֡N<hX=*ٶ$VZy}SeR`F'/A48(W~eZ[M±jF(ބYHayH4׿c	嶁C:&p9?6l\qױ^!PEӱ0"&`لDiPFU+/MӤhmuBĜw5QX!CHv$}H2)/C`΍	xjBoow1G\/5RX1UH\5^(02p17Rc+C+LK$Ș^LoMv0YpHd3U_= RkhdZk:3]".헨l_lpGcp+3%k}Qn;V9Dg*h}	@S\@sD[W.7g&\w^H/C&[fRp뽕5<MUh!ERfh5Rc M'thS@?k盄4Ӹzm#hg㨹Ra掑lZmdgqE
 wwC09DE,^ID1`E4'5z	ށ(k':KnV~j|Aj_LqB]w`>Nyh@5lGW6׆5鯣ɶɼ44mԾ"~BNP ÊY?(;,D%V^Q\  VA}uJ FH+5h]H`	7z_tdY4!a!o)?ŞmC v"ጵdRb;*H\Ac{`t2 M$Hxvt`+`~TwcaۯtU׶" x1zq9yV&`c`%fgHKFi,hm>gӗ Ԫvl%,?úc?L#ð&/FxS"$&FjeT5ۙWJSh e	$VR-1c^UP"eu{EZII{G1d=+F.drwj0*gh+q_I|{gFaweF/w'- /ִ"1ex-8%qV׾o֤Y8H.gW7-3D5*+!M$7NXX3prg=(`%}PoMȽ>=l~cfW1iټiĆ]WW X/}`YVG,
-|ʕef܃Mxp,P3K.4,adr[_Qg$xX3@6ٿyܻdM=pЮ1#'e52e4 a!Z㬅dŧԛ١Z7oAI`<Ս<Ցe ?,O9cC0|]@h&Z8#yb7;~3;VOT	;VܝsCx[&SG2>^
ZTOd {gнI6nrl$t[¤		`74*佉MvF	G<9`cLRMr8bMW]R8DHwnXBWې薝2 ^&B~Oj.glIyVR`M^7?(X;vf 6*mXΩ+_w:C#cfs|	8NSm[i41"Nr0AnWl+@/@噅OKxhy}Lv
o:dԇVoZ,^M֚Srg];%R%bSbq\JYrV{[TL j6N>Ƣg: oIz9I!g :8({\o%s+=9tpZNhu߂ii["=I1h{E!TI5!1뽗h7FO_v[w~B#o4XЭػaydHs5X>pDJ!"BK$gm8,/eo
7CPeh#GUe#Ho2&2Z︲	<F(:3"+Nn/By4P `?PT}	;܆b#Q=:>(XKz}ٯRQDZ0=Cyvd"9bX쪬@mg6dBLh6'R.^5!]P^
rMʸ#Ii<▷UG	RVsl?wۼ'o	<í$ih F2?k}L0󺱕;I+ۙ;L=0{9N{f,>dc8OLsk9՗C$զ .-)THrP'˯*!b6yM8hTƳ<^[2@VQ9m-e370QP"ONszZq8AMa1+hkBq\EwY&0k,#$v<ڌ'>k|-+F(L7NL]udf` r9eЍk){v^$$T%_Il?g-Bx!T9n&Ͷ)N%
e˘":ŲgRjV)ok 5*h;$w)?YU3KJhh藊Րz(Կ5gf^pu:4yqihʳ(>w7m%z_)Ȧ5iqurJ,Zk(YX%Ӡ=^%o.`Jt$[?'YX㝽ve5Kڷ5衱QWajD5;nAʊ%>ĎYq,P"YrZ~%aoհ?vq~漃ڑ=K
Ei?X?ʥg=47fZM^r2/!!r3p%?	XFWW<=s/2ޚQXLv?BlB8wk{GHaH.Juȝ'^%;EއM;Ѓ&h^2"Ƃ皙w8@'/$猎!+3:3XLU=W6k*#V|.A 5tN59IAd#M wut3(>k]gxqcWTƄ1*$S	wSe^ 㬍cH.B((GT꫁}3Y!j&qқԩu*ͫT1#\NGއX:؋z6@sCuVAOqˁ2e8d ^tc !۷ cUȹ%"T?ʅF1:>"UFKVjc·}US0{L{X큼y?֛K
;OH;gYOiZ}MZgj)M0޿7j}5[[6Lo*{&vH9Sfy7PxDCy55jHd/ղ'?ܴ FNq %:$w7bd&}@;-z9o$~3*3i4^`Tl>ՈnKVr-99fɣg#jC?mG͔ƛ,Zꡁ&{D|>yZ58@_**c⦋7#;	2&%ʾp~M|vH'e77%ud0P jt}"MGK!6B9]Pԉ;>Je"VfF]>א<ZSyܫ' w} rP;\:FGx5l^9`AZݣ8chU!p?秜9etfk7
K#9rм̌rm\i&Vko|6J}GQg6@Te6E<k3'svӸwÍN	?HM8QR1MQ4Ƣ!OgͲmתMfb#m^"~vcj͑{v|޵,9UKMhud9r~缟V%9źim.\I\2Yb?8?caf@NQ/WtiY	U0LJ@VNixHOzf:?KŤTU0`wr;7 B
-FQr+]WfS?㧍--?TϹ)DY_mR{,bwb	%ehO40f`Ι`*f~_;`=Q?M,AKi]fȹsD'Q|`FкI".<p*Oo^
e4	m/rKf&~KCqziǡkOy"<JD[X5!hxuUR7OI#!5~P=
`5Rǖ%)C~O>ZC;48Rf/ͯ.XAPhѪ:ح?~xĢe }{ρ;?RԶVHF7?Kh	]TC}3l'Tͬ9X"Ib@ F°x6ߐ4{uM
j6#5ŶӞ@&5{?6S^U#k;7S,:Ĉj:˗T;ь$+icro
ħX3!
(2Nٓ s\@.U	W7)۰}<#.믅~]:fv+UfCUiolJ"
gsuǰе}bl%64=;n@2E/A/@1׶6~УdUЭP+56b5/7YxӫL9\Ɂ_mj#B*e{OJ(zB`G֊mN)6kfeCG{;zEI[llpNOvk2-1DwK>s˸@4z
}ď~ yf%B$\;ԥ2-ܒ$'}Eʝ	&8/2+g8XTm*صW\_I^#|OFIBx˞*^t[GJEE#Xӟj"lC7ݨڏ =br܆]+Rʹ$l%D|䧹.1 r^$c!XZLb}LMz^\L jzɇTZ7P?*N2d+LM6ɴe` GAG{mUwyc$pG㢒a&pG4j+
!7ӛ.G?,@/XfB6mL g@bESkwï$#!q͙Xw(ZPM'W|>UcE[Sb #
7Lj)$IC&ΚlK;'@/Ñ'OQGF7P3
{:Ti齀{ HmFfWSdVh49A1v!`̔aoڞDF13ߖ`kҩú1eR~ӻSI@G5Xa} ?DK.$QVGB}M`~dڻzp`ipth-ge3wX*#?@khF} zy]ByBTJ	>U]dTA#.MJO1i2%
:T'i	X繝^b5,<}3:2%og-hG.pY1vGCu?;T! N?
+b%mjm/FVh@'iWSz2QrXSehJ!j,C7/H$M~vJ ŃN)mm{eڪ`Ȕ?tbF&FqEپW8=H>e)u䉮|׷IF,aGCW3C{t}HtbX4BsbKH}aRs"PTuDӘ2DX&i|m,[
W̴fyzbrH:޴LaՏD0Z^XTv~~mߤHO¬(B'X*<yTal??lb&7>^<{T֌&/Ǌ ]!MF#Ɋ *v?F}NϽ\WҼ$Xf(<NoESgFl}a#Tc0cLٶUR}tMKѭ]3edUS5*SGKN3Qo+(XfzcݚFًP}__5MK|FRzW3V5+Zx3g,B.l]$^)\tqcB:o{?,_ !eL5m)7QvȧJ`-^`Ng.=oG5alM1&	o"WH0q#P;.w	o2NWJҌpм;A9m4e6[8h^>~zIi0N%]f'F䮻wLٮߔ^Vg+(fgj8.{;=f/$35Y6Ϧ?;ZtjGHL"&/Rd 	T!h_z9;[f4u5[`?{4@S蛭g%s0ͨ$4I-L6".g!xhɱ
<ʞir`b'47-B@ s!wxmyv׏9a\m{][ -p-.oqןQ9'0sfdnPaRG&l}L6%Ư2'⃅ȼ@Ucf;iG 3QHh_xph.<T<ZMi*3Q9YVpYp+<Rbh'j'AT( FlȚHK]6417?#H_9saf1MET9=$hiRj3u6!0'ԧ.ea"ƌVroN,e\b<U*c*2ҏ)(tZ8_ŅD?P8{oퟝXߗI^rcF;:)ւY4y[n5,sQK^3G:	#22AUL`C);Hy%vo߽+B?d9fZm#ov(|[>XYzvzRK	T޷0!e찇 ckQFĶCOKW<uHa=u ֈ?#RIR opW(`$Uhƚ^~FWX1R:HL<1X؞.S1v~OAt)t9r #^'/\m}Vq6X=CQw&h).՛1~DT`gPV4ZB6m2#}t2 iz6[.Efі?3pJ}8Cnp۵4j54$yQoOY\M%ύs&;G琢XvD~]q<vͭ0QT쎯N=ٴ6oզ'9\ 8WlUMBUE'|,#QZgA&m$;Q!aNgTU}YKY1sv,}JMW=Vݧ
2AIJ²u]b_0~m|mFp[q%0^0J.KT 2%9lưv$N/2qܮF!>3fŔb+G~gxOWaRܱIu^!o:|>RZ?]Y߯|0<=(u8!2-{,̥iA0vP\IC j-|Q	dDNvH{ fjvҀ"}hk?:BwBxK̐ƫnn|!}^"R$=|c+mYt_S&<dS3;h+CL.s35rd#BV;ƪҖ$14K75$\`qHqvJWMGkvܪ7jk<8+av_|Ntj@5´ʜ[؅ZF7&-啤)m8@?`?`_u{tWM:qh^<S}yI+X]]3@u<PaE_l!bʚ'pXTiID&8@.UF'xI|Mp0X9Yub i ΑrQf?ãS)tIqbtM|;9Ȧ.2rQm ?X$gT@,Z<foIkR!JÔį`h!7 7/ imaX7tR%'$fθV>\D(|\$QIcRsKM#y;XŐ~&M$GcRb!xѡ
'uȟ8Gs?2>qjsYa^PQ(kgQhF*d.vYWS{&*1vIH4s<J.Ek;!Ū'&Jo)f?5s:}0Hw
qx	0sn|!mGAFQYVvkwq%u2z)E-E&^e" />^	g/u,쩪@\ZM"3FFƎK}HߔNBunڒ3#!7ӑe罨16tqUŉ'P
u\}VhwFy@D-g}d]YMj]qQfk:WeHn5.=8ykP:%?Atg&h<mr"l*y?HMJU?'<:uggCRZbT/NrL!.c2hDƅZE2DIbCwD,:iKM\/Lu|o1LxnQi&O~<FV]P)/iL.ie}X`59O58 %JIOY0w!,<ZE`>)
.\-*.5}c'C
]x:47+08:00 ] 127.0.0.1 /iplookup/iplookup.php?format=js
ERR: 无法加载控制器:Iplookup

[ 2019-11-05T23:37:50+08:00 ] 127.0.0.1 /iplookup/iplookup.php?format=js
ERR: 无法加载控制器:Iplookup

[ 2019-11-05T23:37:53+08:00 ] 127.0.0.1 /iplookup/iplookup.php?format=js
ERR: 无法加载控制器:Iplookup

[ 2019-11-05T23:37:55+08:00 ] 127.0.0.1 /iplookup/iplookup.php?format=js
ERR: 无法加载控制器:Iplookup

[ 2019-11-05T23:37:59+08:00 ] 127.0.0.1 /iplookup/iplookup.php?format=js
ERR: 无法加载控制器:Iplookup

[ 2019-11-05T23:38:01+08:00 ] 127.0.0.1 /iplookup/iplookup.php?format=js
ERR: 无法加载控制器:Iplookup

[ 2019-11-05T23:38:04+08:00 ] 127.0.0.1 /iplookup/iplookup.php?format=js
ERR: 无法加载控制器:Iplookup

[ 2019-11-05T23:38:11+08:00 ] 127.0.0.1 /iplookup/iplookup.php?format=js
ERR: 无法加载控制器:Iplookup

[ 2019-11-05T23:38:15+08:00 ] 127.0.0.1 /iplookup/iplookup.php?format=js
ERR: 无法加载控制器:Iplookup

[ 2019-11-05T23:38:17+08:00 ] 127.0.0.1 /iplookup/iplookup.php?format=js
ERR: 无法加载控制器:Iplookup

[ 2019-11-05T23:38:20+08:00 ] 127.0.0.1 /iplookup/iplookup.php?format=js
ERR: 无法加载控制器:Iplookup

[ 2019-11-05T23:38:23+08:00 ] 127.0.0.1 /iplookup/iplookup.php?format=js
ERR: 无法加载控制器:Iplookup

[ 2019-11-05T23:43:48+08:00 ] 127.0.0.1 /Admin/Alarm/getAlarm
INFO: [ app_begin ] --START--
INFO: Run Behavior\ReadHtmlCacheBehavior [ RunTime:0.001000s ]
INFO: [ app_begin ] --END-- [ RunTime:0.001000s ]
SQL: SHOW COLUMNS FROM `ems_admin_user` [ RunTime:0.0020s ]
SQL: SELECT * FROM `ems_admin_user` WHERE ( id=1 ) LIMIT 1   [ RunTime:0.0000s ]
SQL: SHOW COLUMNS FROM `ems_alarm` [ RunTime:0.0010s ]
SQL: SELECT COUNT(*) AS tp_count FROM `ems_alarm` LIMIT 1   [ RunTime:0.0000s ]
NOTIC: [8] Undefined index: limit D:\phpstudy_pro\WWW\ThinkPHP\Library\Think\Db\Driver.class.php 第 961 行.
SQL: SELECT `id`,`alarmnumber`,`phonenumber`,`alarminfo` FROM `ems_alarm` LIMIT 0,20   [ RunTime:0.0010s ]

[ 2019-11-05T23:43:56+08:00 ] 127.0.0.1 /Admin/Alarm/getAlarm
INFO: [ app_begin ] --START--
INFO: Run Behavior\ReadHtmlCacheBehavior [ RunTime:0.001001s ]
INFO: [ app_begin ] --END-- [ RunTime:0.001001s ]
SQL: SHOW COLUMNS FROM `ems_admin_user` [ RunTime:0.0020s ]
SQL: SELECT * FROM `ems_admin_user` WHERE ( id=1 ) LIMIT 1   [ RunTime:0.0000s ]
SQL: SHOW COLUMNS FROM `ems_alarm` [ RunTime:0.0010s ]
SQL: SELECT COUNT(*) AS tp_count FROM `ems_alarm` LIMIT 1   [ RunTime:0.0000s ]
NOTIC: [8] Undefined index: limit D:\phpstudy_pro\WWW\ThinkPHP\Library\Think\Db\Driver.class.php 第 961 行.
SQL: SELECT `id`,`alarmnumber`,`phonenumber`,`alarminfo` FROM `ems_alarm` LIMIT 0,20   [ RunTime:0.0010s ]

[ 2019-11-05T23:43:57+08:00 ] 127.0.0.1 /Admin/Alarm/getAlarm
INFO: [ app_begin ] --START--
INFO: Run Behavior\ReadHtmlCacheBehavior [ RunTime:0.001000s ]
INFO: [ app_begin ] --END-- [ RunTime:0.001000s ]
SQL: SHOW COLUMNS FROM `ems_admin_user` [ RunTime:0.0020s ]
SQL: SELECT * FROM `ems_admin_user` WHERE ( id=1 ) LIMIT 1   [ RunTime:0.0000s ]
SQL: SHOW COLUMNS FROM `ems_alarm` [ RunTime:0.0010s ]
SQL: SELECT COUNT(*) AS tp_count FROM `ems_alarm` LIMIT 1   [ RunTime:0.0000s ]
NOTIC: [8] Undefined index: limit D:\phpstudy_pro\WWW\ThinkPHP\Library\Think\Db\Driver.class.php 第 961 行.
SQL: SELECT `id`,`alarmnumber`,`phonenumber`,`alarminfo` FROM `ems_alarm` LIMIT 0,20   [ RunTime:0.0010s ]

[ 2019-11-05T23:43:58+08:00 ] 127.0.0.1 /Admin/Alarm/getAlarm
INFO: [ app_begin ] --START--
INFO: Run Behavior\ReadHtmlCacheBehavior [ RunTime:0.000000s ]
INFO: [ app_begin ] --END-- [ RunTime:0.000000s ]
SQL: SHOW COLUMNS FROM `ems_admin_user` [ RunTime:0.0010s ]
SQL: SELECT * FROM `ems_admin_user` WHERE ( id=1 ) LIMIT 1   [ RunTime:0.0000s ]
SQL: SHOW COLUMNS FROM `ems_alarm` [ RunTime:0.0010s ]
SQL: SELECT COUNT(*) AS tp_count FROM `ems_alarm` LIMIT 1   [ RunTime:0.0000s ]
NOTIC: [8] Undefined index: limit D:\phpstudy_pro\WWW\ThinkPHP\Library\Think\Db\Driver.class.php 第 961 行.
SQL: SELECT `id`,`alarmnumber`,`phonenumber`,`alarminfo` FROM `ems_alarm` LIMIT 0,20   [ RunTime:0.0000s ]

[ 2019-11-05T23:43:58+08:00 ] 127.0.0.1 /Admin/Alarm/getAlarm
INFO: [ app_begin ] --START--
INFO: Run Behavior\ReadHtmlCacheBehavior [ RunTime:0.000000s ]
INFO: [ app_begin ] --END-- [ RunTime:0.000000s ]
SQL: SHOW COLUMNS FROM `ems_admin_user` [ RunTime:0.0020s ]
SQL: SELECT * FROM `ems_admin_user` WHERE ( id=1 ) LIMIT 1   [ RunTime:0.0000s ]
SQL: SHOW COLUMNS FROM `ems_alarm` [ RunTime:0.0010s ]
SQL: SELECT COUNT(*) AS tp_count FROM `ems_alarm` LIMIT 1   [ RunTime:0.0000s ]
NOTIC: [8] Undefined index: limit D:\phpstudy_pro\WWW\ThinkPHP\Library\Think\Db\Driver.class.php 第 961 行.
SQL: SELECT `id`,`alarmnumber`,`phonenumber`,`alarminfo` FROM `ems_alarm` LIMIT 0,20   [ RunTime:0.0010s ]

[ 2019-11-05T23:43:58+08:00 ] 127.0.0.1 /Admin/Alarm/getAlarm
INFO: [ app_begin ] --START--
INFO: Run Behavior\ReadHtmlCacheBehavior [ RunTime:0.000000s ]
INFO: [ app_begin ] --END-- [ RunTime:0.000000s ]
SQL: SHOW COLUMNS FROM `ems_admin_user` [ RunTime:0.0020s ]
SQL: SELECT * FROM `ems_admin_user` WHERE ( id=1 ) LIMIT 1   [ RunTime:0.0000s ]
SQL: SHOW COLUMNS FROM `ems_alarm` [ RunTime:0.0020s ]
SQL: SELECT COUNT(*) AS tp_count FROM `ems_alarm` LIMIT 1   [ RunTime:0.0000s ]
NOTIC: [8] Undefined index: limit D:\phpstudy_pro\WWW\ThinkPHP\Library\Think\Db\Driver.class.php 第 961 行.
SQL: SELECT `id`,`alarmnumber`,`phonenumber`,`alarminfo` FROM `ems_alarm` LIMIT 0,20   [ RunTime:0.0000s ]

[ 2019-11-05T23:43:58+08:00 ] 127.0.0.1 /Admin/Alarm/getAlarm
INFO: [ app_begin ] --START--
INFO: Run Behavior\ReadHtmlCacheBehavior [ RunTime:0.001000s ]
INFO: [ app_begin ] --END-- [ RunTime:0.001000s ]
SQL: SHOW COLUMNS FROM `ems_admin_user` [ RunTime:0.0020s ]
SQL: SELECT * FROM `ems_admin_user` WHERE ( id=1 ) LIMIT 1   [ RunTime:0.0000s ]
SQL: SHOW COLUMNS FROM `ems_alarm` [ RunTime:0.0010s ]
SQL: SELECT COUNT(*) AS tp_count FROM `ems_alarm` LIMIT 1   [ RunTime:0.0000s ]
NOTIC: [8] Undefined index: limit D:\phpstudy_pro\WWW\ThinkPHP\Library\Think\Db\Driver.class.php 第 961 行.
SQL: SELECT `id`,`alarmnumber`,`phonenumber`,`alarminfo` FROM `ems_alarm` LIMIT 0,20   [ RunTime:0.0000s ]

[ 2019-11-05T23:43:58+08:00 ] 127.0.0.1 /Admin/Alarm/getAlarm
INFO: [ app_begin ] --START--
INFO: Run Behavior\ReadHtmlCacheBehavior [ RunTime:0.001000s ]
INFO: [ app_begin ] --END-- [ RunTime:0.001000s ]
SQL: SHOW COLUMNS FROM `ems_admin_user` [ RunTime:0.0010s ]
SQL: SELECT * FROM `ems_admin_user` WHERE ( id=1 ) LIMIT 1   [ RunTime:0.0010s ]
SQL: SHOW COLUMNS FROM `ems_alarm` [ RunTime:0.0010s ]
SQL: SELECT COUNT(*) AS tp_count FROM `ems_alarm` LIMIT 1   [ RunTime:0.0000s ]
NOTIC: [8] Undefined index: limit D:\phpstudy_pro\WWW\ThinkPHP\Library\Think\Db\Driver.class.php 第 961 行.
SQL: SELECT `id`,`alarmnumber`,`phonenumber`,`alarminfo` FROM `ems_alarm` LIMIT 0,20   [ RunTime:0.0000s ]

[ 2019-11-05T23:44:16+08:00 ] 127.0.0.1 /Admin/Alarm/getAlarm
INFO: [ app_begin ] --START--
INFO: Run Behavior\ReadHtmlCacheBehavior [ RunTime:0.000000s ]
INFO: [ app_begin ] --END-- [ RunTime:0.000000s ]
SQL: SHOW COLUMNS FROM `ems_admin_user` [ RunTime:0.0020s ]
SQL: SELECT * FROM `ems_admin_user` WHERE ( id=1 ) LIMIT 1   [ RunTime:0.0000s ]
SQL: SHOW COLUMNS FROM `ems_alarm` [ RunTime:0.0010s ]
SQL: SELECT COUNT(*) AS tp_count FROM `ems_alarm` LIMIT 1   [ RunTime:0.0000s ]
NOTIC: [8] Undefined index: limit D:\phpstudy_pro\WWW\ThinkPHP\Library\Think\Db\Driver.class.php 第 961 行.
SQL: SELECT `id`,`alarmnumber`,`phonenumber`,`alarminfo` FROM `ems_alarm` LIMIT 0,20   [ RunTime:0.0000s ]

[ 2019-11-05T23:45:48+08:00 ] 127.0.0.1 /Admin/Alarm/getAlarm
INFO: [ app_begin ] --START--
INFO: Run Behavior\ReadHtmlCacheBehavior [ RunTime:0.000000s ]
INFO: [ app_begin ] --END-- [ RunTime:0.000000s ]
SQL: SHOW COLUMNS FROM `ems_admin_user` [ RunTime:0.0020s ]
SQL: SELECT * FROM `ems_admin_user` WHERE ( id=1 ) LIMIT 1   [ RunTime:0.0000s ]
SQL: SHOW COLUMNS FROM `ems_alarm` [ RunTime:0.0010s ]
SQL: SELECT COUNT(*) AS tp_count FROM `ems_alarm` LIMIT 1   [ RunTime:0.0000s ]
NOTIC: [8] Undefined index: limit D:\phpstudy_pro\WWW\ThinkPHP\Library\Think\Db\Driver.class.php 第 961 行.
SQL: SELECT `id`,`alarmnumber`,`phonenumber`,`alarminfo` FROM `ems_alarm` LIMIT 0,20   [ RunTime:0.0010s ]

[ 2019-11-05T23:46:43+08:00 ] 127.0.0.1 /Admin/Alarm/getAlarm
INFO: [ app_begin ] --START--
INFO: Run Behavior\ReadHtmlCacheBehavior [ RunTime:0.000000s ]
INFO: [ app_begin ] --END-- [ RunTime:0.000000s ]
SQL: SHOW COLUMNS FROM `ems_admin_user` [ RunTime:0.0020s ]
SQL: SELECT * FROM `ems_admin_user` WHERE ( id=1 ) LIMIT 1   [ RunTime:0.0000s ]
SQL: SHOW COLUMNS FROM `ems_alarm` [ RunTime:0.0010s ]
SQL: SELECT COUNT(*) AS tp_count FROM `ems_alarm` LIMIT 1   [ RunTime:0.0000s ]
NOTIC: [8] Undefined index: limit D:\phpstudy_pro\WWW\ThinkPHP\Library\Think\Db\Driver.class.php 第 961 行.
SQL: SELECT `id`,`alarmnumber`,`phonenumber`,`alarminfo` FROM `ems_alarm` LIMIT 0,20   [ RunTime:0.0010s ]

[ 2019-11-05T23:46:43+08:00 ] 127.0.0.1 /Admin/Alarm/getAlarm
INFO: [ app_begin ] --START--
INFO: Run Behavior\ReadHtmlCacheBehavior [ RunTime:0.000000s ]
INFO: [ app_begin ] --END-- [ RunTime:0.000000s ]
SQL: SHOW COLUMNS FROM `ems_admin_user` [ RunTime:0.0020s ]
SQL: SELECT * FROM `ems_admin_user` WHERE ( id=1 ) LIMIT 1   [ RunTime:0.0000s ]
SQL: SHOW COLUMNS FROM `ems_alarm` [ RunTime:0.0010s ]
SQL: SELECT COUNT(*) AS tp_count FROM `ems_alarm` LIMIT 1   [ RunTime:0.0000s ]
SQL: SELECT `id`,`alarmnumber`,`phonenumber`,`alarminfo` FROM `ems_alarm` LIMIT 0,20   [ RunTime:0.0000s ]

[ 2019-11-05T23:48:29+08:00 ] 127.0.0.1 /Admin/Alarm/getAlarm
INFO: [ app_begin ] --START--
INFO: Run Behavior\ReadHtmlCacheBehavior [ RunTime:0.001000s ]
INFO: [ app_begin ] --END-- [ RunTime:0.001000s ]
SQL: SHOW COLUMNS FROM `ems_admin_user` [ RunTime:0.0010s ]
SQL: SELECT * FROM `ems_admin_user` WHERE ( id=1 ) LIMIT 1   [ RunTime:0.0000s ]
SQL: SHOW COLUMNS FROM `ems_alarm` [ RunTime:0.0010s ]
SQL: SELECT COUNT(*) AS tp_count FROM `ems_alarm` LIMIT 1   [ RunTime:0.0000s ]
SQL: SELECT `id`,`alarmnumber`,`phonenumber`,`alarminfo` FROM `ems_alarm` LIMIT 0,10   [ RunTime:0.0010s ]

[ 2019-11-05T23:48:29+08:00 ] 127.0.0.1 /Admin/Alarm/getAlarm
INFO: [ app_begin ] --START--
INFO: Run Behavior\ReadHtmlCacheBehavior [ RunTime:0.000000s ]
INFO: [ app_begin ] --END-- [ RunTime:0.000000s ]
SQL: SHOW COLUMNS FROM `ems_admin_user` [ RunTime:0.0020s ]
SQL: SELECT * FROM `ems_admin_user` WHERE ( id=1 ) LIMIT 1   [ RunTime:0.0010s ]
SQL: SHOW COLUMNS FROM `ems_alarm` [ RunTime:0.0010s ]
SQL: SELECT COUNT(*) AS tp_count FROM `ems_alarm` LIMIT 1   [ RunTime:0.0000s ]
SQL: SELECT `id`,`alarmnumber`,`phonenumber`,`alarminfo` FROM `ems_alarm` LIMIT 0,20   [ RunTime:0.0000s ]

[ 2019-11-05T23:49:10+08:00 ] 127.0.0.1 /Admin/Alarm/getAlarm
INFO: [ app_begin ] --START--
INFO: Run Behavior\ReadHtmlCacheBehavior [ RunTime:0.000000s ]
INFO: [ app_begin ] --END-- [ RunTime:0.000000s ]
SQL: SHOW COLUMNS FROM `ems_admin_user` [ RunTime:0.0020s ]
SQL: SELECT * FROM `ems_admin_user` WHERE ( id=1 ) LIMIT 1   [ RunTime:0.0000s ]
SQL: SHOW COLUMNS FROM `ems_alarm` [ RunTime:0.0010s ]
SQL: SELECT COUNT(*) AS tp_count FROM `ems_alarm` LIMIT 1   [ RunTime:0.0000s ]
SQL: SELECT `id`,`alarmnumber`,`phonenumber`,`alarminfo` FROM `ems_alarm` LIMIT 0,10   [ RunTime:0.0010s ]

[ 2019-11-05T23:49:10+08:00 ] 127.0.0.1 /Admin/Alarm/getAlarm
INFO: [ app_begin ] --START--
INFO: Run Behavior\ReadHtmlCacheBehavior [ RunTime:0.001000s ]
INFO: [ app_begin ] --END-- [ RunTime:0.001000s ]
SQL: SHOW COLUMNS FROM `ems_admin_user` [ RunTime:0.0020s ]
SQL: SELECT * FROM `ems_admin_user` WHERE ( id=1 ) LIMIT 1   [ RunTime:0.0000s ]
SQL: SHOW COLUMNS FROM `ems_alarm` [ RunTime:0.0010s ]
SQL: SELECT COUNT(*) AS tp_count FROM `ems_alarm` LIMIT 1   [ RunTime:0.0000s ]
SQL: SELECT `id`,`alarmnumber`,`phonenumber`,`alarminfo` FROM `ems_alarm` LIMIT 0,20   [ RunTime:0.0000s ]

[ 2019-11-05T23:52:46+08:00 ] 127.0.0.1 /Admin/Alarm/getAlarm
INFO: [ app_begin ] --START--
INFO: Run Behavior\ReadHtmlCacheBehavior [ RunTime:0.001000s ]
INFO: [ app_begin ] --END-- [ RunTime:0.001000s ]
SQL: SHOW COLUMNS FROM `ems_admin_user` [ RunTime:0.0020s ]
SQL: SELECT * FROM `ems_admin_user` WHERE ( id=1 ) LIMIT 1   [ RunTime:0.0030s ]
SQL: SHOW COLUMNS FROM `ems_alarm` [ RunTime:0.0120s ]
SQL: SELECT COUNT(*) AS tp_count FROM `ems_alarm` LIMIT 1   [ RunTime:0.0040s ]
SQL: SELECT `id`,`alarmnumber`,`phonenumber`,`alarminfo` FROM `ems_alarm` LIMIT 0,10   [ RunTime:0.0000s ]

[ 2019-11-05T23:52:46+08:00 ] 127.0.0.1 /Admin/Alarm/getAlarm
INFO: [ app_begin ] --START--
INFO: Run Behavior\ReadHtmlCacheBehavior [ RunTime:0.000000s ]
INFO: [ app_begin ] --END-- [ RunTime:0.000000s ]
SQL: SHOW COLUMNS FROM `ems_admin_user` [ RunTime:0.0030s ]
SQL: SELECT * FROM `ems_admin_user` WHERE ( id=1 ) LIMIT 1   [ RunTime:0.0020s ]
SQL: SHOW COLUMNS FROM `ems_alarm` [ RunTime:0.0010s ]
SQL: SELECT COUNT(*) AS tp_count FROM `ems_alarm` LIMIT 1   [ RunTime:0.0010s ]
SQL: SELECT `id`,`alarmnumber`,`phonenumber`,`alarminfo` FROM `ems_alarm` LIMIT 0,20   [ RunTime:0.0000s ]

[ 2019-11-05T23:52:49+08:00 ] 127.0.0.1 /Admin/Alarm/getAlarm
INFO: [ app_begin ] --START--
INFO: Run Behavior\ReadHtmlCacheBehavior [ RunTime:0.001000s ]
INFO: [ app_begin ] --END-- [ RunTime:0.001000s ]
SQL: SHOW COLUMNS FROM `ems_admin_user` [ RunTime:0.0020s ]
SQL: SELECT * FROM `ems_admin_user` WHERE ( id=1 ) LIMIT 1   [ RunTime:0.0020s ]
SQL: SHOW COLUMNS FROM `ems_alarm` [ RunTime:0.0010s ]
SQL: SELECT COUNT(*) AS tp_count FROM `ems_alarm` LIMIT 1   [ RunTime:0.0020s ]
SQL: SELECT `id`,`alarmnumber`,`phonenumber`,`alarminfo` FROM `ems_alarm` LIMIT 0,10   [ RunTime:0.0000s ]

[ 2019-11-05T23:52:54+08:00 ] 127.0.0.1 /Admin/Index/getSideMenu
INFO: [ app_begin ] --START--
INFO: Run Behavior\ReadHtmlCacheBehavior [ RunTime:0.001000s ]
INFO: [ app_begin ] --END-- [ RunTime:0.001000s ]
SQL: SHOW COLUMNS FROM `ems_admin_user` [ RunTime:0.0020s ]
SQL: SELECT * FROM `ems_admin_user` WHERE ( id=1 ) LIMIT 1   [ RunTime:0.0020s ]
SQL: SHOW COLUMNS FROM `ems_system_menu` [ RunTime:0.0020s ]
SQL: SELECT * FROM `ems_system_menu` WHERE ( hide=0 ) ORDER BY myorder asc  [ RunTime:0.0040s ]

[ 2019-11-05T23:53:23+08:00 ] 127.0.0.1 /Admin/Alarm/getAlarm
INFO: [ app_begin ] --START--
INFO: Run Behavior\ReadHtmlCacheBehavior [ RunTime:0.000000s ]
INFO: [ app_begin ] --END-- [ RunTime:0.000000s ]
SQL: SHOW COLUMNS FROM `ems_admin_user` [ RunTime:0.0010s ]
SQL: SELECT * FROM `ems_admin_user` WHERE ( id=1 ) LIMIT 1   [ RunTime:0.0010s ]
SQL: SHOW COLUMNS FROM `ems_alarm` [ RunTime:0.0010s ]
SQL: SELECT COUNT(*) AS tp_count FROM `ems_alarm` LIMIT 1   [ RunTime:0.0000s ]
SQL: SELECT `id`,`alarmnumber`,`phonenumber`,`alarminfo` FROM `ems_alarm` LIMIT 0,10   [ RunTime:0.0000s ]

[ 2019-11-05T23:53:24+08:00 ] 127.0.0.1 /Admin/Alarm/getAlarm
INFO: [ app_begin ] --START--
INFO: Run Behavior\ReadHtmlCacheBehavior [ RunTime:0.001000s ]
INFO: [ app_begin ] --END-- [ RunTime:0.001000s ]
SQL: SHOW COLUMNS FROM `ems_admin_user` [ RunTime:0.0020s ]
SQL: SELECT * FROM `ems_admin_user` WHERE ( id=1 ) LIMIT 1   [ RunTime:0.0020s ]
SQL: SHOW COLUMNS FROM `ems_alarm` [ RunTime:0.0010s ]
SQL: SELECT COUNT(*) AS tp_count FROM `ems_alarm` LIMIT 1   [ RunTime:0.0020s ]
SQL: SELECT `id`,`alarmnumber`,`phonenumber`,`alarminfo` FROM `ems_alarm` LIMIT 0,20   [ RunTime:0.0000s ]

[ 2019-11-05T23:55:07+08:00 ] 127.0.0.1 /Admin/Alarm/getAlarm
INFO: [ app_begin ] --START--
INFO: Run Behavior\ReadHtmlCacheBehavior [ RunTime:0.000000s ]
INFO: [ app_begin ] --END-- [ RunTime:0.000000s ]
SQL: SHOW COLUMNS FROM `ems_admin_user` [ RunTime:0.0020s ]
SQL: SELECT * FROM `ems_admin_user` WHERE ( id=1 ) LIMIT 1   [ RunTime:0.0020s ]
SQL: SHOW COLUMNS FROM `ems_alarm` [ RunTime:0.0010s ]
SQL: SELECT COUNT(*) AS tp_count FROM `ems_alarm` LIMIT 1   [ RunTime:0.0020s ]
SQL: SELECT `id`,`alarmnumber`,`phonenumber`,`alarminfo` FROM `ems_alarm` LIMIT 0,10   [ RunTime:0.0000s ]

[ 2019-11-05T23:55:08+08:00 ] 127.0.0.1 /Admin/Alarm/getAlarm
INFO: [ app_begin ] --START--
INFO: Run Behavior\ReadHtmlCacheBehavior [ RunTime:0.000000s ]
INFO: [ app_begin ] --END-- [ RunTime:0.000000s ]
SQL: SHOW COLUMNS FROM `ems_admin_user` [ RunTime:0.0020s ]
SQL: SELECT * FROM `ems_admin_user` WHERE ( id=1 ) LIMIT 1   [ RunTime:0.0030s ]
SQL: SHOW COLUMNS FROM `ems_alarm` [ RunTime:0.0010s ]
SQL: SELECT COUNT(*) AS tp_count FROM `ems_alarm` LIMIT 1   [ RunTime:0.0010s ]
SQL: SELECT `id`,`alarmnumber`,`phonenumber`,`alarminfo` FROM `ems_alarm` LIMIT 0,20   [ RunTime:0.0010s ]

[ 2019-11-05T23:55:09+08:00 ] 127.0.0.1 /Admin/Alarm/getAlarm
INFO: [ app_begin ] --START--
INFO: Run Behavior\ReadHtmlCacheBehavior [ RunTime:0.001000s ]
INFO: [ app_begin ] --END-- [ RunTime:0.001000s ]
SQL: SHOW COLUMNS FROM `ems_admin_user` [ RunTime:0.0020s ]
SQL: SELECT * FROM `ems_admin_user` WHERE ( id=1 ) LIMIT 1   [ RunTime:0.0020s ]
SQL: SHOW COLUMNS FROM `ems_alarm` [ RunTime:0.0010s ]
SQL: SELECT COUNT(*) AS tp_count FROM `ems_alarm` LIMIT 1   [ RunTime:0.0010s ]
SQL: SELECT `id`,`alarmnumber`,`phonenumber`,`alarminfo` FROM `ems_alarm` LIMIT 0,10   [ RunTime:0.0010s ]

[ 2019-11-05T23:55:09+08:00 ] 127.0.0.1 /Admin/Alarm/getAlarm
INFO: [ app_begin ] --START--
INFO: Run Behavior\ReadHtmlCacheBehavior [ RunTime:0.000000s ]
INFO: [ app_begin ] --END-- [ RunTime:0.000000s ]
SQL: SHOW COLUMNS FROM `ems_admin_user` [ RunTime:0.0020s ]
SQL: SELECT * FROM `ems_admin_user` WHERE ( id=1 ) LIMIT 1   [ RunTime:0.0000s ]
SQL: SHOW COLUMNS FROM `ems_alarm` [ RunTime:0.0010s ]
SQL: SELECT COUNT(*) AS tp_count FROM `ems_alarm` LIMIT 1   [ RunTime:0.0020s ]
SQL: SELECT `id`,`alarmnumber`,`phonenumber`,`alarminfo` FROM `ems_alarm` LIMIT 0,10   [ RunTime:0.0000s ]

[ 2019-11-05T23:55:09+08:00 ] 127.0.0.1 /Admin/Alarm/getAlarm
INFO: [ app_begin ] --START--
INFO: Run Behavior\ReadHtmlCacheBehavior [ RunTime:0.001000s ]
INFO: [ app_begin ] --END-- [ RunTime:0.001000s ]
SQL: SHOW COLUMNS FROM `ems_admin_user` [ RunTime:0.0020s ]
SQL: SELECT * FROM `ems_admin_user` WHERE ( id=1 ) LIMIT 1   [ RunTime:0.0000s ]
SQL: SHOW COLUMNS FROM `ems_alarm` [ RunTime:0.0020s ]
SQL: SELECT COUNT(*) AS tp_count FROM `ems_alarm` LIMIT 1   [ RunTime:0.0020s ]
SQL: SELECT `id`,`alarmnumber`,`phonenumber`,`alarminfo` FROM `ems_alarm` LIMIT 0,10   [ RunTime:0.0000s ]

[ 2019-11-05T23:55:09+08:00 ] 127.0.0.1 /Admin/Alarm/getAlarm
INFO: [ app_begin ] --START--
INFO: Run Behavior\ReadHtmlCacheBehavior [ RunTime:0.001000s ]
INFO: [ app_begin ] --END-- [ RunTime:0.001000s ]
SQL: SHOW COLUMNS FROM `ems_admin_user` [ RunTime:0.0010s ]
SQL: SELECT * FROM `ems_admin_user` WHERE ( id=1 ) LIMIT 1   [ RunTime:0.0010s ]
SQL: SHOW COLUMNS FROM `ems_alarm` [ RunTime:0.0010s ]
SQL: SELECT COUNT(*) AS tp_count FROM `ems_alarm` LIMIT 1   [ RunTime:0.0000s ]
SQL: SELECT `id`,`alarmnumber`,`phonenumber`,`alarminfo` FROM `ems_alarm` LIMIT 0,10   [ RunTime:0.0000s ]

[ 2019-11-05T23:55:20+08:00 ] 127.0.0.1 /Admin/Alarm/getAlarm
INFO: [ app_begin ] --START--
INFO: Run Behavior\ReadHtmlCacheBehavior [ RunTime:0.001000s ]
INFO: [ app_begin ] --END-- [ RunTime:0.001000s ]
SQL: SHOW COLUMNS FROM `ems_admin_user` [ RunTime:0.0020s ]
SQL: SELECT * FROM `ems_admin_user` WHERE ( id=1 ) LIMIT 1   [ RunTime:0.0000s ]
SQL: SHOW COLUMNS FROM `ems_alarm` [ RunTime:0.0010s ]
SQL: SELECT COUNT(*) AS tp_count FROM `ems_alarm` LIMIT 1   [ RunTime:0.0020s ]
SQL: SELECT `id`,`alarmnumber`,`phonenumber`,`alarminfo` FROM `ems_alarm` LIMIT 0,10   [ RunTime:0.0000s ]

[ 2019-11-05T23:55:20+08:00 ] 127.0.0.1 /Admin/Alarm/getAlarm
INFO: [ app_begin ] --START--
INFO: Run Behavior\ReadHtmlCacheBehavior [ RunTime:0.000000s ]
INFO: [ app_begin ] --END-- [ RunTime:0.000000s ]
SQL: SHOW COLUMNS FROM `ems_admin_user` [ RunTime:0.0010s ]
SQL: SELECT * FROM `ems_admin_user` WHERE ( id=1 ) LIMIT 1   [ RunTime:0.0010s ]
NOTIC: [8] Undefined index: page D:\phpstudy_pro\WWW\App\Admin\Controller\AlarmController.class.php 第 28 行.
NOTIC: [8] Undefined index: rows D:\phpstudy_pro\WWW\App\Admin\Controller\AlarmController.class.php 第 29 行.
SQL: SHOW COLUMNS FROM `ems_alarm` [ RunTime:0.0010s ]
SQL: SELECT COUNT(*) AS tp_count FROM `ems_alarm` LIMIT 1   [ RunTime:0.0020s ]
NOTIC: [8] Undefined index: limit D:\phpstudy_pro\WWW\ThinkPHP\Library\Think\Db\Driver.class.php 第 961 行.
SQL: SELECT `id`,`alarmnumber`,`phonenumber`,`alarminfo` FROM `ems_alarm` LIMIT 0,20   [ RunTime:0.0000s ]

[ 2019-11-05T23:56:02+08:00 ] 127.0.0.1 /Admin/Alarm/getAlarm
INFO: [ app_begin ] --START--
INFO: Run Behavior\ReadHtmlCacheBehavior [ RunTime:0.001001s ]
INFO: [ app_begin ] --END-- [ RunTime:0.001001s ]
SQL: SHOW COLUMNS FROM `ems_admin_user` [ RunTime:0.0010s ]
SQL: SELECT * FROM `ems_admin_user` WHERE ( id=1 ) LIMIT 1   [ RunTime:0.0010s ]
NOTIC: [8] Undefined index: page D:\phpstudy_pro\WWW\App\Admin\Controller\AlarmController.class.php 第 28 行.
NOTIC: [8] Undefined index: rows D:\phpstudy_pro\WWW\App\Admin\Controller\AlarmController.class.php 第 29 行.
SQL: SHOW COLUMNS FROM `ems_alarm` [ RunTime:0.0010s ]
SQL: SELECT COUNT(*) AS tp_count FROM `ems_alarm` LIMIT 1   [ RunTime:0.0000s ]
NOTIC: [8] Undefined index: limit D:\phpstudy_pro\WWW\ThinkPHP\Library\Think\Db\Driver.class.php 第 961 行.
SQL: SELECT `id`,`alarmnumber`,`phonenumber`,`alarminfo` FROM `ems_alarm` LIMIT 0,20   [ RunTime:0.0000s ]

[ 2019-11-05T23:56:02+08:00 ] 127.0.0.1 /Admin/Alarm/getAlarm
INFO: [ app_begin ] --START--
INFO: Run Behavior\ReadHtmlCacheBehavior [ RunTime:0.001000s ]
INFO: [ app_begin ] --END-- [ RunTime:0.001000s ]
SQL: SHOW COLUMNS FROM `ems_admin_user` [ RunTime:0.0020s ]
SQL: SELECT * FROM `ems_admin_user` WHERE ( id=1 ) LIMIT 1   [ RunTime:0.0000s ]
SQL: SHOW COLUMNS FROM `ems_alarm` [ RunTime:0.0010s ]
SQL: SELECT COUNT(*) AS tp_count FROM `ems_alarm` LIMIT 1   [ RunTime:0.0000s ]
SQL: SELECT `id`,`alarmnumber`,`phonenumber`,`alarminfo` FROM `ems_alarm` LIMIT 0,20   [ RunTime:0.0000s ]

[ 2019-11-05T23:56:09+08:00 ] 127.0.0.1 /Admin/Alarm/getAlarm
INFO: [ app_begin ] --START--
INFO: Run Behavior\ReadHtmlCacheBehavior [ RunTime:0.001000s ]
INFO: [ app_begin ] --END-- [ RunTime:0.001000s ]
SQL: SHOW COLUMNS FROM `ems_admin_user` [ RunTime:0.0020s ]
SQL: SELECT * FROM `ems_admin_user` WHERE ( id=1 ) LIMIT 1   [ RunTime:0.0000s ]
SQL: SHOW COLUMNS FROM `ems_alarm` [ RunTime:0.0010s ]
SQL: SELECT COUNT(*) AS tp_count FROM `ems_alarm` LIMIT 1   [ RunTime:0.0000s ]
SQL: SELECT `id`,`alarmnumber`,`phonenumber`,`alarminfo` FROM `ems_alarm` LIMIT 0,10   [ RunTime:0.0010s ]

[ 2019-11-05T23:56:09+08:00 ] 127.0.0.1 /Admin/Alarm/getAlarm
INFO: [ app_begin ] --START--
INFO: Run Behavior\ReadHtmlCacheBehavior [ RunTime:0.000000s ]
INFO: [ app_begin ] --END-- [ RunTime:0.000000s ]
SQL: SHOW COLUMNS FROM `ems_admin_user` [ RunTime:0.0010s ]
SQL: SELECT * FROM `ems_admin_user` WHERE ( id=1 ) LIMIT 1   [ RunTime:0.0010s ]
SQL: SHOW COLUMNS FROM `ems_alarm` [ RunTime:0.0000s ]
SQL: SELECT COUNT(*) AS tp_count FROM `ems_alarm` LIMIT 1   [ RunTime:0.0000s ]
SQL: SELECT `id`,`alarmnumber`,`phonenumber`,`alarminfo` FROM `ems_alarm` LIMIT 0,20   [ RunTime:0.0000s ]

[ 2019-11-05T23:57:25+08:00 ] 127.0.0.1 /Admin/Alarm/getAlarm
INFO: [ app_begin ] --START--
INFO: Run Behavior\ReadHtmlCacheBehavior [ RunTime:0.001000s ]
INFO: [ app_begin ] --END-- [ RunTime:0.001000s ]
SQL: SHOW COLUMNS FROM `ems_admin_user` [ RunTime:0.0010s ]
SQL: SELECT * FROM `ems_admin_user` WHERE ( id=1 ) LIMIT 1   [ RunTime:0.0010s ]
SQL: SHOW COLUMNS FROM `ems_alarm` [ RunTime:0.0010s ]
SQL: SELECT COUNT(*) AS tp_count FROM `ems_alarm` LIMIT 1   [ RunTime:0.0000s ]
SQL: SELECT `id`,`alarmnumber`,`phonenumber`,`alarminfo` FROM `ems_alarm` LIMIT 0,20   [ RunTime:0.0000s ]

[ 2019-11-05T23:57:25+08:00 ] 127.0.0.1 /Admin/Alarm/getAlarm
INFO: [ app_begin ] --START--
INFO: Run Behavior\ReadHtmlCacheBehavior [ RunTime:0.000000s ]
INFO: [ app_begin ] --END-- [ RunTime:0.000000s ]
SQL: SHOW COLUMNS FROM `ems_admin_user` [ RunTime:0.0020s ]
SQL: SELECT * FROM `ems_admin_user` WHERE ( id=1 ) LIMIT 1   [ RunTime:0.0000s ]
SQL: SHOW COLUMNS FROM `ems_alarm` [ RunTime:0.0010s ]
SQL: SELECT COUNT(*) AS tp_count FROM `ems_alarm` LIMIT 1   [ RunTime:0.0000s ]
SQL: SELECT `id`,`alarmnumber`,`phonenumber`,`alarminfo` FROM `ems_alarm` LIMIT 0,20   [ RunTime:0.0000s ]

[ 2019-11-05T23:58:12+08:00 ] 127.0.0.1 /Admin/Alarm/getAlarm
INFO: [ app_begin ] --START--
INFO: Run Behavior\ReadHtmlCacheBehavior [ RunTime:0.000000s ]
INFO: [ app_begin ] --END-- [ RunTime:0.000000s ]
SQL: SHOW COLUMNS FROM `ems_admin_user` [ RunTime:0.0010s ]
SQL: SELECT * FROM `ems_admin_user` WHERE ( id=1 ) LIMIT 1   [ RunTime:0.0010s ]
SQL: SHOW COLUMNS FROM `ems_alarm` [ RunTime:0.0010s ]
SQL: SELECT COUNT(*) AS tp_count FROM `ems_alarm` LIMIT 1   [ RunTime:0.0000s ]
SQL: SELECT `id`,`alarmnumber`,`phonenumber`,`alarminfo` FROM `ems_alarm` LIMIT 0,20   [ RunTime:0.0000s ]

[ 2019-11-05T23:58:12+08:00 ] 127.0.0.1 /Admin/Alarm/getAlarm
INFO: [ app_begin ] --START--
INFO: Run Behavior\ReadHtmlCacheBehavior [ RunTime:0.000000s ]
INFO: [ app_begin ] --END-- [ RunTime:0.000000s ]
SQL: SHOW COLUMNS FROM `ems_admin_user` [ RunTime:0.0010s ]
SQL: SELECT * FROM `ems_admin_user` WHERE ( id=1 ) LIMIT 1   [ RunTime:0.0000s ]
SQL: SHOW COLUMNS FROM `ems_alarm` [ RunTime:0.0010s ]
SQL: SELECT COUNT(*) AS tp_count FROM `ems_alarm` LIMIT 1   [ RunTime:0.0000s ]
SQL: SELECT `id`,`alarmnumber`,`phonenumber`,`alarminfo` FROM `ems_alarm` LIMIT 0,20   [ RunTime:0.0000s ]

[ 2019-11-05T23:58:33+08:00 ] 127.0.0.1 /Admin/Alarm/getAlarm
INFO: [ app_begin ] --START--
INFO: Run Behavior\ReadHtmlCacheBehavior [ RunTime:0.001000s ]
INFO: [ app_begin ] --END-- [ RunTime:0.001000s ]
SQL: SHOW COLUMNS FROM `ems_admin_user` [ RunTime:0.0010s ]
SQL: SELECT * FROM `ems_admin_user` WHERE ( id=1 ) LIMIT 1   [ RunTime:0.0010s ]
SQL: SHOW COLUMNS FROM `ems_alarm` [ RunTime:0.0010s ]
SQL: SELECT COUNT(*) AS tp_count FROM `ems_alarm` LIMIT 1   [ RunTime:0.0000s ]
SQL: SELECT `id`,`alarmnumber`,`phonenumber`,`alarminfo` FROM `ems_alarm` LIMIT 0,20   [ RunTime:0.0000s ]

[ 2019-11-05T23:58:33+08:00 ] 127.0.0.1 /Admin/Alarm/getAlarm
INFO: [ app_begin ] --START--
INFO: Run Behavior\ReadHtmlCacheBehavior [ RunTime:0.001000s ]
INFO: [ app_begin ] --END-- [ RunTime:0.001000s ]
SQL: SHOW COLUMNS FROM `ems_admin_user` [ RunTime:0.0020s ]
SQL: SELECT * FROM `ems_admin_user` WHERE ( id=1 ) LIMIT 1   [ RunTime:0.0000s ]
SQL: SHOW COLUMNS FROM `ems_alarm` [ RunTime:0.0010s ]
SQL: SELECT COUNT(*) AS tp_count FROM `ems_alarm` LIMIT 1   [ RunTime:0.0000s ]
SQL: SELECT `id`,`alarmnumber`,`phonenumber`,`alarminfo` FROM `ems_alarm` LIMIT 0,20   [ RunTime:0.0000s ]

[ 2019-11-05T23:58:58+08:00 ] 127.0.0.1 /Admin/Index/getSideMenu
INFO: [ app_begin ] --START--
INFO: Run Behavior\ReadHtmlCacheBehavior [ RunTime:0.001000s ]
INFO: [ app_begin ] --END-- [ RunTime:0.001000s ]
SQL: SHOW COLUMNS FROM `ems_admin_user` [ RunTime:0.0020s ]
SQL: SELECT * FROM `ems_admin_user` WHERE ( id=1 ) LIMIT 1   [ RunTime:0.0000s ]
SQL: SHOW COLUMNS FROM `ems_system_menu` [ RunTime:0.0010s ]
SQL: SELECT * FROM `ems_system_menu` WHERE ( hide=0 ) ORDER BY myorder asc  [ RunTime:0.0020s ]

[ 2019-11-05T23:59:00+08:00 ] 127.0.0.1 /Admin/Alarm/getAlarm
INFO: [ app_begin ] --START--
INFO: Run Behavior\ReadHtmlCacheBehavior [ RunTime:0.000000s ]
INFO: [ app_begin ] --END-- [ RunTime:0.000000s ]
SQL: SHOW COLUMNS FROM `ems_admin_user` [ RunTime:0.0020s ]
SQL: SELECT * FROM `ems_admin_user` WHERE ( id=1 ) LIMIT 1   [ RunTime:0.0000s ]
SQL: SHOW COLUMNS FROM `ems_alarm` [ RunTime:0.0010s ]
SQL: SELECT COUNT(*) AS tp_count FROM `ems_alarm` LIMIT 1   [ RunTime:0.0000s ]
SQL: SELECT `id`,`alarmnumber`,`phonenumber`,`alarminfo` FROM `ems_alarm` LIMIT 0,20   [ RunTime:0.0010s ]

[ 2019-11-05T23:59:00+08:00 ] 127.0.0.1 /Admin/Alarm/getAlarm
INFO: [ app_begin ] --START--
INFO: Run Behavior\ReadHtmlCacheBehavior [ RunTime:0.001000s ]
INFO: [ app_begin ] --END-- [ RunTime:0.001000s ]
SQL: SHOW COLUMNS FROM `ems_admin_user` [ RunTime:0.0010s ]
SQL: SELECT * FROM `ems_admin_user` WHERE ( id=1 ) LIMIT 1   [ RunTime:0.0000s ]
SQL: SHOW COLUMNS FROM `ems_alarm` [ RunTime:0.0010s ]
SQL: SELECT COUNT(*) AS tp_count FROM `ems_alarm` LIMIT 1   [ RunTime:0.0000s ]
SQL: SELECT `id`,`alarmnumber`,`phonenumber`,`alarminfo` FROM `ems_alarm` LIMIT 0,20   [ RunTime:0.0000s ]

[ 2019-11-05T23:59:12+08:00 ] 127.0.0.1 /Admin/Alarm/getAlarm
INFO: [ app_begin ] --START--
INFO: Run Behavior\ReadHtmlCacheBehavior [ RunTime:0.001000s ]
INFO: [ app_begin ] --END-- [ RunTime:0.001000s ]
SQL: SHOW COLUMNS FROM `ems_admin_user` [ RunTime:0.0010s ]
SQL: SELECT * FROM `ems_admin_user` WHERE ( id=1 ) LIMIT 1   [ RunTime:0.0000s ]
SQL: SHOW COLUMNS FROM `ems_alarm` [ RunTime:0.0000s ]
SQL: SELECT COUNT(*) AS tp_count FROM `ems_alarm` LIMIT 1   [ RunTime:0.0010s ]
SQL: SELECT `id`,`alarmnumber`,`phonenumber`,`alarminfo` FROM `ems_alarm` LIMIT 0,20   [ RunTime:0.0000s ]

[ 2019-11-05T23:59:12+08:00 ] 127.0.0.1 /Admin/Alarm/getAlarm
INFO: [ app_begin ] --START--
INFO: Run Behavior\ReadHtmlCacheBehavior [ RunTime:0.000000s ]
INFO: [ app_begin ] --END-- [ RunTime:0.000000s ]
SQL: SHOW COLUMNS FROM `ems_admin_user` [ RunTime:0.0010s ]
SQL: SELECT * FROM `ems_admin_user` WHERE ( id=1 ) LIMIT 1   [ RunTime:0.0010s ]
SQL: SHOW COLUMNS FROM `ems_alarm` [ RunTime:0.0010s ]
SQL: SELECT COUNT(*) AS tp_count FROM `ems_alarm` LIMIT 1   [ RunTime:0.0000s ]
SQL: SELECT `id`,`alarmnumber`,`phonenumber`,`alarminfo` FROM `ems_alarm` LIMIT 0,20   [ RunTime:0.0010s ]

